
 /----------------------------------------------------------------------------\
 |                                                                            |
 |  yosys -- Yosys Open SYnthesis Suite                                       |
 |                                                                            |
 |  Copyright (C) 2012 - 2020  Claire Wolf <claire@symbioticeda.com>          |
 |                                                                            |
 |  Permission to use, copy, modify, and/or distribute this software for any  |
 |  purpose with or without fee is hereby granted, provided that the above    |
 |  copyright notice and this permission notice appear in all copies.         |
 |                                                                            |
 |  THE SOFTWARE IS PROVIDED "AS IS" AND THE AUTHOR DISCLAIMS ALL WARRANTIES  |
 |  WITH REGARD TO THIS SOFTWARE INCLUDING ALL IMPLIED WARRANTIES OF          |
 |  MERCHANTABILITY AND FITNESS. IN NO EVENT SHALL THE AUTHOR BE LIABLE FOR   |
 |  ANY SPECIAL, DIRECT, INDIRECT, OR CONSEQUENTIAL DAMAGES OR ANY DAMAGES    |
 |  WHATSOEVER RESULTING FROM LOSS OF USE, DATA OR PROFITS, WHETHER IN AN     |
 |  ACTION OF CONTRACT, NEGLIGENCE OR OTHER TORTIOUS ACTION, ARISING OUT OF   |
 |  OR IN CONNECTION WITH THE USE OR PERFORMANCE OF THIS SOFTWARE.            |
 |                                                                            |
 \----------------------------------------------------------------------------/

 Yosys 0.9+2406 (git sha1 ca763e6d5, gcc 10.2.1-6 -fPIC -Os)


-- Parsing `/data/data/com.termux/files/home/fpga-examples/./down_counter/down_counter.v' using frontend `verilog' --

1. Executing Verilog-2005 frontend: /data/data/com.termux/files/home/fpga-examples/./down_counter/down_counter.v
Parsing Verilog input from `/data/data/com.termux/files/home/fpga-examples/./down_counter/down_counter.v' to AST representation.
Generating RTLIL representation for module `\down_counter'.
Successfully finished Verilog frontend.

-- Running command `tcl /data/data/com.termux/files/home/symbiflow/quicklogic-arch-defs/share/quicklogic/synth.tcl' --
[TCL: yosys -import] Command name collision: found pre-existing command `cd' -> skip.
[TCL: yosys -import] Command name collision: found pre-existing command `eval' -> skip.
[TCL: yosys -import] Command name collision: found pre-existing command `exec' -> skip.
[TCL: yosys -import] Command name collision: found pre-existing command `read' -> skip.
[TCL: yosys -import] Command name collision: found pre-existing command `trace' -> skip.

2. Executing Verilog-2005 frontend: /data/data/com.termux/files/home/symbiflow/quicklogic-arch-defs/share/techmaps/quicklogic/pp3/techmap/cells_sim.v
Parsing Verilog input from `/data/data/com.termux/files/home/symbiflow/quicklogic-arch-defs/share/techmaps/quicklogic/pp3/techmap/cells_sim.v' to AST representation.
Generating RTLIL representation for module `\VCC'.
Generating RTLIL representation for module `\GND'.
Generating RTLIL representation for module `\fpga_interconnect'.
Generating RTLIL representation for module `\CLOCK_CELL'.
Generating RTLIL representation for module `\BIDIR_CELL'.
Generating RTLIL representation for module `\SDIOMUX_CELL'.
Generating RTLIL representation for module `\T_FRAG'.
Generating RTLIL representation for module `\B_FRAG'.
Generating RTLIL representation for module `\Q_FRAG'.
Generating RTLIL representation for module `\F_FRAG'.
Generating RTLIL representation for module `\C_FRAG'.
Generating RTLIL representation for module `\ASSP'.
Generating RTLIL representation for module `\MULT'.
Generating RTLIL representation for module `\GMUX_IP'.
Generating RTLIL representation for module `\GMUX_IC'.
Successfully finished Verilog frontend.

3. Executing Verilog-2005 frontend: /data/data/com.termux/files/home/symbiflow/quicklogic-arch-defs/bin/../share/arch/ql-eos-s3_wlcsp/cells/ram_sim.v
Parsing Verilog input from `/data/data/com.termux/files/home/symbiflow/quicklogic-arch-defs/bin/../share/arch/ql-eos-s3_wlcsp/cells/ram_sim.v' to AST representation.
Generating RTLIL representation for module `\RAM_CE0_FE0_PR0_WSA0_WSB0_VPR'.
Generating RTLIL representation for module `\RAM_CE0_FE0_PR0_WSA0_WSB1_VPR'.
Generating RTLIL representation for module `\RAM_CE0_FE0_PR0_WSA1_WSB0_VPR'.
Generating RTLIL representation for module `\RAM_CE0_FE0_PR0_WSA1_WSB1_VPR'.
Generating RTLIL representation for module `\RAM_CE0_FE0_PR1_WSA0_WSB0_VPR'.
Generating RTLIL representation for module `\RAM_CE0_FE0_PR1_WSA0_WSB1_VPR'.
Generating RTLIL representation for module `\RAM_CE0_FE0_PR1_WSA1_WSB0_VPR'.
Generating RTLIL representation for module `\RAM_CE0_FE0_PR1_WSA1_WSB1_VPR'.
Generating RTLIL representation for module `\RAM_CE0_FE1_D0_PR0_WSA0_WSB0_VPR'.
Generating RTLIL representation for module `\RAM_CE0_FE1_D0_PR0_WSA0_WSB1_VPR'.
Generating RTLIL representation for module `\RAM_CE0_FE1_D0_PR0_WSA1_WSB0_VPR'.
Generating RTLIL representation for module `\RAM_CE0_FE1_D0_PR0_WSA1_WSB1_VPR'.
Generating RTLIL representation for module `\RAM_CE0_FE1_D0_PR1_WSA0_WSB0_VPR'.
Generating RTLIL representation for module `\RAM_CE0_FE1_D0_PR1_WSA0_WSB1_VPR'.
Generating RTLIL representation for module `\RAM_CE0_FE1_D0_PR1_WSA1_WSB0_VPR'.
Generating RTLIL representation for module `\RAM_CE0_FE1_D0_PR1_WSA1_WSB1_VPR'.
Generating RTLIL representation for module `\RAM_CE0_FE1_D1_PR0_WSA0_WSB0_VPR'.
Generating RTLIL representation for module `\RAM_CE0_FE1_D1_PR0_WSA0_WSB1_VPR'.
Generating RTLIL representation for module `\RAM_CE0_FE1_D1_PR0_WSA1_WSB0_VPR'.
Generating RTLIL representation for module `\RAM_CE0_FE1_D1_PR0_WSA1_WSB1_VPR'.
Generating RTLIL representation for module `\RAM_CE0_FE1_D1_PR1_WSA0_WSB0_VPR'.
Generating RTLIL representation for module `\RAM_CE0_FE1_D1_PR1_WSA0_WSB1_VPR'.
Generating RTLIL representation for module `\RAM_CE0_FE1_D1_PR1_WSA1_WSB0_VPR'.
Generating RTLIL representation for module `\RAM_CE0_FE1_D1_PR1_WSA1_WSB1_VPR'.
Generating RTLIL representation for module `\RAM_CE1_FE0_PR0_WSA0_WSB0_VPR'.
Generating RTLIL representation for module `\RAM_CE1_FE0_PR0_WSA0_WSB1_VPR'.
Generating RTLIL representation for module `\RAM_CE1_FE0_PR0_WSA0_WSB2_VPR'.
Generating RTLIL representation for module `\RAM_CE1_FE0_PR0_WSA1_WSB0_VPR'.
Generating RTLIL representation for module `\RAM_CE1_FE0_PR0_WSA1_WSB1_VPR'.
Generating RTLIL representation for module `\RAM_CE1_FE0_PR0_WSA1_WSB2_VPR'.
Generating RTLIL representation for module `\RAM_CE1_FE0_PR0_WSA2_WSB0_VPR'.
Generating RTLIL representation for module `\RAM_CE1_FE0_PR0_WSA2_WSB1_VPR'.
Generating RTLIL representation for module `\RAM_CE1_FE0_PR0_WSA2_WSB2_VPR'.
Generating RTLIL representation for module `\RAM_CE1_FE0_PR1_WSA0_WSB0_VPR'.
Generating RTLIL representation for module `\RAM_CE1_FE0_PR1_WSA0_WSB1_VPR'.
Generating RTLIL representation for module `\RAM_CE1_FE0_PR1_WSA0_WSB2_VPR'.
Generating RTLIL representation for module `\RAM_CE1_FE0_PR1_WSA1_WSB0_VPR'.
Generating RTLIL representation for module `\RAM_CE1_FE0_PR1_WSA1_WSB1_VPR'.
Generating RTLIL representation for module `\RAM_CE1_FE0_PR1_WSA1_WSB2_VPR'.
Generating RTLIL representation for module `\RAM_CE1_FE0_PR1_WSA2_WSB0_VPR'.
Generating RTLIL representation for module `\RAM_CE1_FE0_PR1_WSA2_WSB1_VPR'.
Generating RTLIL representation for module `\RAM_CE1_FE0_PR1_WSA2_WSB2_VPR'.
Generating RTLIL representation for module `\RAM_CE1_FE1_D0_PR0_WSA0_WSB0_VPR'.
Generating RTLIL representation for module `\RAM_CE1_FE1_D0_PR0_WSA0_WSB1_VPR'.
Generating RTLIL representation for module `\RAM_CE1_FE1_D0_PR0_WSA0_WSB2_VPR'.
Generating RTLIL representation for module `\RAM_CE1_FE1_D0_PR0_WSA1_WSB0_VPR'.
Generating RTLIL representation for module `\RAM_CE1_FE1_D0_PR0_WSA1_WSB1_VPR'.
Generating RTLIL representation for module `\RAM_CE1_FE1_D0_PR0_WSA1_WSB2_VPR'.
Generating RTLIL representation for module `\RAM_CE1_FE1_D0_PR0_WSA2_WSB0_VPR'.
Generating RTLIL representation for module `\RAM_CE1_FE1_D0_PR0_WSA2_WSB1_VPR'.
Generating RTLIL representation for module `\RAM_CE1_FE1_D0_PR0_WSA2_WSB2_VPR'.
Generating RTLIL representation for module `\RAM_CE1_FE1_D0_PR1_WSA0_WSB0_VPR'.
Generating RTLIL representation for module `\RAM_CE1_FE1_D0_PR1_WSA0_WSB1_VPR'.
Generating RTLIL representation for module `\RAM_CE1_FE1_D0_PR1_WSA0_WSB2_VPR'.
Generating RTLIL representation for module `\RAM_CE1_FE1_D0_PR1_WSA1_WSB0_VPR'.
Generating RTLIL representation for module `\RAM_CE1_FE1_D0_PR1_WSA1_WSB1_VPR'.
Generating RTLIL representation for module `\RAM_CE1_FE1_D0_PR1_WSA1_WSB2_VPR'.
Generating RTLIL representation for module `\RAM_CE1_FE1_D0_PR1_WSA2_WSB0_VPR'.
Generating RTLIL representation for module `\RAM_CE1_FE1_D0_PR1_WSA2_WSB1_VPR'.
Generating RTLIL representation for module `\RAM_CE1_FE1_D0_PR1_WSA2_WSB2_VPR'.
Generating RTLIL representation for module `\RAM_CE1_FE1_D1_PR0_WSA0_WSB0_VPR'.
Generating RTLIL representation for module `\RAM_CE1_FE1_D1_PR0_WSA0_WSB1_VPR'.
Generating RTLIL representation for module `\RAM_CE1_FE1_D1_PR0_WSA0_WSB2_VPR'.
Generating RTLIL representation for module `\RAM_CE1_FE1_D1_PR0_WSA1_WSB0_VPR'.
Generating RTLIL representation for module `\RAM_CE1_FE1_D1_PR0_WSA1_WSB1_VPR'.
Generating RTLIL representation for module `\RAM_CE1_FE1_D1_PR0_WSA1_WSB2_VPR'.
Generating RTLIL representation for module `\RAM_CE1_FE1_D1_PR0_WSA2_WSB0_VPR'.
Generating RTLIL representation for module `\RAM_CE1_FE1_D1_PR0_WSA2_WSB1_VPR'.
Generating RTLIL representation for module `\RAM_CE1_FE1_D1_PR0_WSA2_WSB2_VPR'.
Generating RTLIL representation for module `\RAM_CE1_FE1_D1_PR1_WSA0_WSB0_VPR'.
Generating RTLIL representation for module `\RAM_CE1_FE1_D1_PR1_WSA0_WSB1_VPR'.
Generating RTLIL representation for module `\RAM_CE1_FE1_D1_PR1_WSA0_WSB2_VPR'.
Generating RTLIL representation for module `\RAM_CE1_FE1_D1_PR1_WSA1_WSB0_VPR'.
Generating RTLIL representation for module `\RAM_CE1_FE1_D1_PR1_WSA1_WSB1_VPR'.
Generating RTLIL representation for module `\RAM_CE1_FE1_D1_PR1_WSA1_WSB2_VPR'.
Generating RTLIL representation for module `\RAM_CE1_FE1_D1_PR1_WSA2_WSB0_VPR'.
Generating RTLIL representation for module `\RAM_CE1_FE1_D1_PR1_WSA2_WSB1_VPR'.
Generating RTLIL representation for module `\RAM_CE1_FE1_D1_PR1_WSA2_WSB2_VPR'.
Successfully finished Verilog frontend.

4. Executing SYNTH_QUICKLOGIC pass.

4.1. Executing Verilog-2005 frontend: /data/data/com.termux/files/home/symbiflow/bin/../share/yosys/quicklogic/cells_sim.v
Parsing Verilog input from `/data/data/com.termux/files/home/symbiflow/bin/../share/yosys/quicklogic/cells_sim.v' to AST representation.
Generating RTLIL representation for module `\inv'.
Generating RTLIL representation for module `\buff'.
Generating RTLIL representation for module `\logic_0'.
Generating RTLIL representation for module `\logic_1'.
Generating RTLIL representation for module `\gclkbuff'.
Successfully finished Verilog frontend.

4.2. Executing Verilog-2005 frontend: /data/data/com.termux/files/home/symbiflow/bin/../share/yosys/quicklogic/pp3_cells_sim.v
Parsing Verilog input from `/data/data/com.termux/files/home/symbiflow/bin/../share/yosys/quicklogic/pp3_cells_sim.v' to AST representation.
Generating RTLIL representation for module `\LUT1'.
Generating RTLIL representation for module `\LUT2'.
Generating RTLIL representation for module `\LUT3'.
Generating RTLIL representation for module `\LUT4'.
Generating RTLIL representation for module `\inpad'.
Generating RTLIL representation for module `\outpad'.
Generating RTLIL representation for module `\ckpad'.
Generating RTLIL representation for module `\bipad'.
Generating RTLIL representation for module `\dff'.
Generating RTLIL representation for module `\dffc'.
Generating RTLIL representation for module `\dffp'.
Generating RTLIL representation for module `\dffpc'.
Generating RTLIL representation for module `\dffe'.
Generating RTLIL representation for module `\dffec'.
Generating RTLIL representation for module `\dffepc'.
Generating RTLIL representation for module `\AND2I0'.
Generating RTLIL representation for module `\mux2x0'.
Generating RTLIL representation for module `\mux2x1'.
Generating RTLIL representation for module `\mux4x0'.
Generating RTLIL representation for module `\mux8x0'.
Generating RTLIL representation for module `\logic_cell_macro'.
Generating RTLIL representation for module `\ahb_gen_bfm'.
Generating RTLIL representation for module `\oscillator_s1'.
Generating RTLIL representation for module `\sdma_bfm'.
Generating RTLIL representation for module `\ahb2fb_asynbrig_if'.
Generating RTLIL representation for module `\fb2ahb_asynbrig_if'.
Generating RTLIL representation for module `\ahb2fb_asynbrig'.
Generating RTLIL representation for module `\qlal4s3b_cell_macro_bfm'.
Generating RTLIL representation for module `\qlal4s3b_cell_macro'.
Generating RTLIL representation for module `\fifo_controller_model'.
Generating RTLIL representation for module `\ram'.
Warning: Replacing memory \ram with list of registers. See /data/data/com.termux/files/home/symbiflow/bin/../share/yosys/quicklogic/pp3_cells_sim.v:3671, /data/data/com.termux/files/home/symbiflow/bin/../share/yosys/quicklogic/pp3_cells_sim.v:3585, /data/data/com.termux/files/home/symbiflow/bin/../share/yosys/quicklogic/pp3_cells_sim.v:3560
Generating RTLIL representation for module `\x2_model'.
Generating RTLIL representation for module `\ram_block_8K'.
Generating RTLIL representation for module `\sw_mux'.
Generating RTLIL representation for module `\ram8k_2x1_cell'.
Generating RTLIL representation for module `\ram8k_2x1_cell_macro'.
Generating RTLIL representation for module `\gpio_cell_macro'.
Generating RTLIL representation for module `\qlal4s3_mult_32x32_cell'.
Generating RTLIL representation for module `\qlal4s3_mult_16x16_cell'.
Generating RTLIL representation for module `\signed_mult'.
Generating RTLIL representation for module `\qlal4s3_mult_cell_macro'.
Generating RTLIL representation for module `\RAM_8K_BLK'.
Generating RTLIL representation for module `\RAM_16K_BLK'.
Generating RTLIL representation for module `\FIFO_8K_BLK'.
Generating RTLIL representation for module `\FIFO_16K_BLK'.
Successfully finished Verilog frontend.

4.3. Executing HIERARCHY pass (managing design hierarchy).

4.3.1. Finding top of design hierarchy..
root of   1 design levels: down_counter        
Automatically selected down_counter as design top module.

4.3.2. Analyzing design hierarchy..
Top module:  \down_counter

4.3.3. Analyzing design hierarchy..
Top module:  \down_counter
Removed 0 unused modules.

4.4. Executing PROC pass (convert processes to netlists).

4.4.1. Executing PROC_CLEAN pass (remove empty switches from decision trees).
Cleaned up 0 empty switches.

4.4.2. Executing PROC_RMDEAD pass (remove dead branches from decision trees).
Marked 1 switch rules as full_case in process $proc$/data/data/com.termux/files/home/symbiflow/quicklogic-arch-defs/share/techmaps/quicklogic/pp3/techmap/cells_sim.v:4781$47 in module MULT.
Marked 2 switch rules as full_case in process $proc$/data/data/com.termux/files/home/symbiflow/quicklogic-arch-defs/share/techmaps/quicklogic/pp3/techmap/cells_sim.v:242$29 in module Q_FRAG.
Marked 2 switch rules as full_case in process $proc$/data/data/com.termux/files/home/fpga-examples/./down_counter/down_counter.v:31$5 in module down_counter.
Marked 1 switch rules as full_case in process $proc$/data/data/com.termux/files/home/fpga-examples/./down_counter/down_counter.v:21$1 in module down_counter.
Removed a total of 0 dead cases.

4.4.3. Executing PROC_PRUNE pass (remove redundant assignments in processes).
Removed 0 redundant assignments.
Promoted 4 assignments to connections.

4.4.4. Executing PROC_INIT pass (extract init attributes).
Found init rule in `\Q_FRAG.$proc$/data/data/com.termux/files/home/symbiflow/quicklogic-arch-defs/share/techmaps/quicklogic/pp3/techmap/cells_sim.v:0$30'.
  Set init value: \QZ = 1'0
Found init rule in `\down_counter.$proc$/data/data/com.termux/files/home/fpga-examples/./down_counter/down_counter.v:14$12'.
  Set init value: \delay = 27'000000000000000000000000000

4.4.5. Executing PROC_ARST pass (detect async resets in processes).
Found async reset \QST in `\Q_FRAG.$proc$/data/data/com.termux/files/home/symbiflow/quicklogic-arch-defs/share/techmaps/quicklogic/pp3/techmap/cells_sim.v:242$29'.
Found async reset \QRT in `\Q_FRAG.$proc$/data/data/com.termux/files/home/symbiflow/quicklogic-arch-defs/share/techmaps/quicklogic/pp3/techmap/cells_sim.v:242$29'.

4.4.6. Executing PROC_MUX pass (convert decision trees to multiplexers).
Creating decoders for process `\MULT.$proc$/data/data/com.termux/files/home/symbiflow/quicklogic-arch-defs/share/techmaps/quicklogic/pp3/techmap/cells_sim.v:4781$47'.
     1/2: $0\Cmult[63:0] [63:32]
     2/2: $0\Cmult[63:0] [31:0]
Creating decoders for process `\Q_FRAG.$proc$/data/data/com.termux/files/home/symbiflow/quicklogic-arch-defs/share/techmaps/quicklogic/pp3/techmap/cells_sim.v:0$30'.
Creating decoders for process `\Q_FRAG.$proc$/data/data/com.termux/files/home/symbiflow/quicklogic-arch-defs/share/techmaps/quicklogic/pp3/techmap/cells_sim.v:242$29'.
     1/1: $0\QZ[0:0]
Creating decoders for process `\down_counter.$proc$/data/data/com.termux/files/home/fpga-examples/./down_counter/down_counter.v:14$12'.
Creating decoders for process `\down_counter.$proc$/data/data/com.termux/files/home/fpga-examples/./down_counter/down_counter.v:31$5'.
     1/1: $0\count[7:0]
Creating decoders for process `\down_counter.$proc$/data/data/com.termux/files/home/fpga-examples/./down_counter/down_counter.v:21$1'.
     1/2: $1\clk[0:0]
     2/2: $1\delay[26:0]

4.4.7. Executing PROC_DLATCH pass (convert process syncs to latches).

4.4.8. Executing PROC_DFF pass (convert process syncs to FFs).
Creating register for signal `\MULT.\Cmult' using process `\MULT.$proc$/data/data/com.termux/files/home/symbiflow/quicklogic-arch-defs/share/techmaps/quicklogic/pp3/techmap/cells_sim.v:4781$47'.
  created direct connection (no actual register cell created).
Creating register for signal `\Q_FRAG.\QZ' using process `\Q_FRAG.$proc$/data/data/com.termux/files/home/symbiflow/quicklogic-arch-defs/share/techmaps/quicklogic/pp3/techmap/cells_sim.v:242$29'.
Warning: Complex async reset for dff `\QZ'.
  created $dffsr cell `$procdff$912' with positive edge clock and multiple level-sensitive resets.
Creating register for signal `\down_counter.\count' using process `\down_counter.$proc$/data/data/com.termux/files/home/fpga-examples/./down_counter/down_counter.v:31$5'.
  created $dff cell `$procdff$913' with positive edge clock.
Creating register for signal `\down_counter.\clk' using process `\down_counter.$proc$/data/data/com.termux/files/home/fpga-examples/./down_counter/down_counter.v:21$1'.
  created $dff cell `$procdff$914' with positive edge clock.
Creating register for signal `\down_counter.\delay' using process `\down_counter.$proc$/data/data/com.termux/files/home/fpga-examples/./down_counter/down_counter.v:21$1'.
  created $dff cell `$procdff$915' with positive edge clock.

4.4.9. Executing PROC_CLEAN pass (remove empty switches from decision trees).
Found and cleaned up 4 empty switches in `\MULT.$proc$/data/data/com.termux/files/home/symbiflow/quicklogic-arch-defs/share/techmaps/quicklogic/pp3/techmap/cells_sim.v:4781$47'.
Removing empty process `MULT.$proc$/data/data/com.termux/files/home/symbiflow/quicklogic-arch-defs/share/techmaps/quicklogic/pp3/techmap/cells_sim.v:4781$47'.
Removing empty process `Q_FRAG.$proc$/data/data/com.termux/files/home/symbiflow/quicklogic-arch-defs/share/techmaps/quicklogic/pp3/techmap/cells_sim.v:0$30'.
Found and cleaned up 1 empty switch in `\Q_FRAG.$proc$/data/data/com.termux/files/home/symbiflow/quicklogic-arch-defs/share/techmaps/quicklogic/pp3/techmap/cells_sim.v:242$29'.
Removing empty process `Q_FRAG.$proc$/data/data/com.termux/files/home/symbiflow/quicklogic-arch-defs/share/techmaps/quicklogic/pp3/techmap/cells_sim.v:242$29'.
Removing empty process `down_counter.$proc$/data/data/com.termux/files/home/fpga-examples/./down_counter/down_counter.v:14$12'.
Found and cleaned up 3 empty switches in `\down_counter.$proc$/data/data/com.termux/files/home/fpga-examples/./down_counter/down_counter.v:31$5'.
Removing empty process `down_counter.$proc$/data/data/com.termux/files/home/fpga-examples/./down_counter/down_counter.v:31$5'.
Found and cleaned up 1 empty switch in `\down_counter.$proc$/data/data/com.termux/files/home/fpga-examples/./down_counter/down_counter.v:21$1'.
Removing empty process `down_counter.$proc$/data/data/com.termux/files/home/fpga-examples/./down_counter/down_counter.v:21$1'.
Cleaned up 9 empty switches.

4.5. Executing FLATTEN pass (flatten design).

4.6. Executing TRIBUF pass.

4.7. Executing OPT_EXPR pass (perform const folding).
Optimizing module down_counter.
<suppressed ~4 debug messages>

4.8. Executing OPT_CLEAN pass (remove unused cells and wires).
Finding unused cells or wires in module \down_counter..
Removed 0 unused cells and 14 unused wires.
<suppressed ~1 debug messages>

4.9. Executing DEMINOUT pass (demote inout ports to input or output).

4.10. Executing OPT pass (performing simple optimizations).

4.10.1. Executing OPT_EXPR pass (perform const folding).
Optimizing module down_counter.

4.10.2. Executing OPT_MERGE pass (detect identical cells).
Finding identical cells in module `\down_counter'.
<suppressed ~3 debug messages>
Removed a total of 1 cells.

4.10.3. Executing OPT_MUXTREE pass (detect dead branches in mux trees).
Running muxtree optimizer on module \down_counter..
  Creating internal representation of mux trees.
  Evaluating internal representation of mux trees.
  Analyzing evaluation results.
Removed 0 multiplexer ports.
<suppressed ~3 debug messages>

4.10.4. Executing OPT_REDUCE pass (consolidate $*mux and $reduce_* inputs).
  Optimizing cells in module \down_counter.
Performed a total of 0 changes.

4.10.5. Executing OPT_MERGE pass (detect identical cells).
Finding identical cells in module `\down_counter'.
Removed a total of 0 cells.

4.10.6. Executing OPT_RMDFF pass (remove dff with constant values).

4.10.7. Executing OPT_CLEAN pass (remove unused cells and wires).
Finding unused cells or wires in module \down_counter..
Removed 0 unused cells and 1 unused wires.
<suppressed ~1 debug messages>

4.10.8. Executing OPT_EXPR pass (perform const folding).
Optimizing module down_counter.

4.10.9. Rerunning OPT passes. (Maybe there is more to do..)

4.10.10. Executing OPT_MUXTREE pass (detect dead branches in mux trees).
Running muxtree optimizer on module \down_counter..
  Creating internal representation of mux trees.
  Evaluating internal representation of mux trees.
  Analyzing evaluation results.
Removed 0 multiplexer ports.
<suppressed ~3 debug messages>

4.10.11. Executing OPT_REDUCE pass (consolidate $*mux and $reduce_* inputs).
  Optimizing cells in module \down_counter.
Performed a total of 0 changes.

4.10.12. Executing OPT_MERGE pass (detect identical cells).
Finding identical cells in module `\down_counter'.
Removed a total of 0 cells.

4.10.13. Executing OPT_RMDFF pass (remove dff with constant values).

4.10.14. Executing OPT_CLEAN pass (remove unused cells and wires).
Finding unused cells or wires in module \down_counter..

4.10.15. Executing OPT_EXPR pass (perform const folding).
Optimizing module down_counter.

4.10.16. Finished OPT passes. (There is nothing left to do.)

4.11. Executing OPT_EXPR pass (perform const folding).
Optimizing module down_counter.

4.12. Executing OPT_CLEAN pass (remove unused cells and wires).
Finding unused cells or wires in module \down_counter..

4.13. Executing CHECK pass (checking for obvious problems).
checking module down_counter..
found and reported 0 problems.

4.14. Executing OPT pass (performing simple optimizations).

4.14.1. Executing OPT_EXPR pass (perform const folding).
Optimizing module down_counter.

4.14.2. Executing OPT_MERGE pass (detect identical cells).
Finding identical cells in module `\down_counter'.
Removed a total of 0 cells.

4.14.3. Executing OPT_MUXTREE pass (detect dead branches in mux trees).
Running muxtree optimizer on module \down_counter..
  Creating internal representation of mux trees.
  Evaluating internal representation of mux trees.
  Analyzing evaluation results.
Removed 0 multiplexer ports.
<suppressed ~3 debug messages>

4.14.4. Executing OPT_REDUCE pass (consolidate $*mux and $reduce_* inputs).
  Optimizing cells in module \down_counter.
Performed a total of 0 changes.

4.14.5. Executing OPT_MERGE pass (detect identical cells).
Finding identical cells in module `\down_counter'.
Removed a total of 0 cells.

4.14.6. Executing OPT_RMDFF pass (remove dff with constant values).

4.14.7. Executing OPT_CLEAN pass (remove unused cells and wires).
Finding unused cells or wires in module \down_counter..

4.14.8. Executing OPT_EXPR pass (perform const folding).
Optimizing module down_counter.

4.14.9. Finished OPT passes. (There is nothing left to do.)

4.15. Executing WREDUCE pass (reducing word size of cells).
Removed top 31 bits (of 32) from port B of cell down_counter.$add$/data/data/com.termux/files/home/fpga-examples/./down_counter/down_counter.v:23$2 ($add).
Removed top 5 bits (of 32) from port Y of cell down_counter.$add$/data/data/com.termux/files/home/fpga-examples/./down_counter/down_counter.v:23$2 ($add).
Removed top 7 bits (of 32) from port B of cell down_counter.$gt$/data/data/com.termux/files/home/fpga-examples/./down_counter/down_counter.v:24$3 ($gt).
Removed top 31 bits (of 32) from port B of cell down_counter.$sub$/data/data/com.termux/files/home/fpga-examples/./down_counter/down_counter.v:36$7 ($sub).
Removed top 23 bits (of 32) from port Y of cell down_counter.$sub$/data/data/com.termux/files/home/fpga-examples/./down_counter/down_counter.v:36$7 ($sub).
Removed top 24 bits (of 32) from mux cell down_counter.$ternary$/data/data/com.termux/files/home/fpga-examples/./down_counter/down_counter.v:36$9 ($mux).
Removed top 1 bits (of 9) from port Y of cell down_counter.$sub$/data/data/com.termux/files/home/fpga-examples/./down_counter/down_counter.v:36$7 ($sub).
Removed top 5 bits (of 32) from wire down_counter.$add$/data/data/com.termux/files/home/fpga-examples/./down_counter/down_counter.v:23$2_Y.
Removed top 24 bits (of 32) from wire down_counter.$sub$/data/data/com.termux/files/home/fpga-examples/./down_counter/down_counter.v:36$7_Y.
Removed top 24 bits (of 32) from wire down_counter.$ternary$/data/data/com.termux/files/home/fpga-examples/./down_counter/down_counter.v:36$9_Y.

4.16. Executing PEEPOPT pass (run peephole optimizers).

4.17. Executing PMUXTREE pass.

4.18. Executing OPT_CLEAN pass (remove unused cells and wires).
Finding unused cells or wires in module \down_counter..
Removed 0 unused cells and 3 unused wires.
<suppressed ~1 debug messages>

4.19. Executing ALUMACC pass (create $alu and $macc cells).
Extracting $alu and $macc cells in module down_counter:
  creating $macc model for $add$/data/data/com.termux/files/home/fpga-examples/./down_counter/down_counter.v:23$2 ($add).
  creating $macc model for $sub$/data/data/com.termux/files/home/fpga-examples/./down_counter/down_counter.v:36$7 ($sub).
  creating $alu model for $macc $sub$/data/data/com.termux/files/home/fpga-examples/./down_counter/down_counter.v:36$7.
  creating $alu model for $macc $add$/data/data/com.termux/files/home/fpga-examples/./down_counter/down_counter.v:23$2.
  creating $alu model for $gt$/data/data/com.termux/files/home/fpga-examples/./down_counter/down_counter.v:24$3 ($gt): new $alu
  creating $alu cell for $gt$/data/data/com.termux/files/home/fpga-examples/./down_counter/down_counter.v:24$3: $auto$alumacc.cc:485:replace_alu$920
  creating $alu cell for $add$/data/data/com.termux/files/home/fpga-examples/./down_counter/down_counter.v:23$2: $auto$alumacc.cc:485:replace_alu$925
  creating $alu cell for $sub$/data/data/com.termux/files/home/fpga-examples/./down_counter/down_counter.v:36$7: $auto$alumacc.cc:485:replace_alu$928
  created 3 $alu and 0 $macc cells.

4.20. Executing OPT pass (performing simple optimizations).

4.20.1. Executing OPT_EXPR pass (perform const folding).
Optimizing module down_counter.
<suppressed ~2 debug messages>

4.20.2. Executing OPT_MERGE pass (detect identical cells).
Finding identical cells in module `\down_counter'.
Removed a total of 0 cells.

4.20.3. Executing OPT_MUXTREE pass (detect dead branches in mux trees).
Running muxtree optimizer on module \down_counter..
  Creating internal representation of mux trees.
  Evaluating internal representation of mux trees.
  Analyzing evaluation results.
Removed 0 multiplexer ports.
<suppressed ~3 debug messages>

4.20.4. Executing OPT_REDUCE pass (consolidate $*mux and $reduce_* inputs).
  Optimizing cells in module \down_counter.
Performed a total of 0 changes.

4.20.5. Executing OPT_MERGE pass (detect identical cells).
Finding identical cells in module `\down_counter'.
Removed a total of 0 cells.

4.20.6. Executing OPT_RMDFF pass (remove dff with constant values).

4.20.7. Executing OPT_CLEAN pass (remove unused cells and wires).
Finding unused cells or wires in module \down_counter..
Removed 1 unused cells and 2 unused wires.
<suppressed ~2 debug messages>

4.20.8. Executing OPT_EXPR pass (perform const folding).
Optimizing module down_counter.

4.20.9. Rerunning OPT passes. (Maybe there is more to do..)

4.20.10. Executing OPT_MUXTREE pass (detect dead branches in mux trees).
Running muxtree optimizer on module \down_counter..
  Creating internal representation of mux trees.
  Evaluating internal representation of mux trees.
  Analyzing evaluation results.
Removed 0 multiplexer ports.
<suppressed ~3 debug messages>

4.20.11. Executing OPT_REDUCE pass (consolidate $*mux and $reduce_* inputs).
  Optimizing cells in module \down_counter.
Performed a total of 0 changes.

4.20.12. Executing OPT_MERGE pass (detect identical cells).
Finding identical cells in module `\down_counter'.
Removed a total of 0 cells.

4.20.13. Executing OPT_RMDFF pass (remove dff with constant values).

4.20.14. Executing OPT_CLEAN pass (remove unused cells and wires).
Finding unused cells or wires in module \down_counter..

4.20.15. Executing OPT_EXPR pass (perform const folding).
Optimizing module down_counter.

4.20.16. Finished OPT passes. (There is nothing left to do.)

4.21. Executing FSM pass (extract and optimize FSM).

4.21.1. Executing FSM_DETECT pass (finding FSMs in design).

4.21.2. Executing FSM_EXTRACT pass (extracting FSM from design).

4.21.3. Executing FSM_OPT pass (simple optimizations of FSMs).

4.21.4. Executing OPT_CLEAN pass (remove unused cells and wires).
Finding unused cells or wires in module \down_counter..

4.21.5. Executing FSM_OPT pass (simple optimizations of FSMs).

4.21.6. Executing FSM_RECODE pass (re-assigning FSM state encoding).

4.21.7. Executing FSM_INFO pass (dumping all available information on FSM cells).

4.21.8. Executing FSM_MAP pass (mapping FSMs to basic logic).

4.22. Executing OPT pass (performing simple optimizations).

4.22.1. Executing OPT_EXPR pass (perform const folding).
Optimizing module down_counter.

4.22.2. Executing OPT_MERGE pass (detect identical cells).
Finding identical cells in module `\down_counter'.
Removed a total of 0 cells.

4.22.3. Executing OPT_RMDFF pass (remove dff with constant values).

4.22.4. Executing OPT_CLEAN pass (remove unused cells and wires).
Finding unused cells or wires in module \down_counter..

4.22.5. Finished fast OPT passes.

4.23. Executing MEMORY pass.

4.23.1. Executing OPT_MEM pass (optimize memories).
Performed a total of 0 transformations.

4.23.2. Executing MEMORY_DFF pass (merging $dff cells to $memrd and $memwr).

4.23.3. Executing OPT_CLEAN pass (remove unused cells and wires).
Finding unused cells or wires in module \down_counter..

4.23.4. Executing MEMORY_SHARE pass (consolidating $memrd/$memwr cells).

4.23.5. Executing OPT_CLEAN pass (remove unused cells and wires).
Finding unused cells or wires in module \down_counter..

4.23.6. Executing MEMORY_COLLECT pass (generating $mem cells).

4.24. Executing OPT_CLEAN pass (remove unused cells and wires).
Finding unused cells or wires in module \down_counter..

4.25. Executing MEMORY_BRAM pass (mapping $mem cells to block memories).

4.26. Executing PP3_BRAMINIT pass.
cell type $auto$alumacc.cc:485:replace_alu$920
cell type $auto$alumacc.cc:485:replace_alu$925
cell type $auto$alumacc.cc:485:replace_alu$928
cell type $eq$/data/data/com.termux/files/home/fpga-examples/./down_counter/down_counter.v:36$6
cell type $logic_not$/data/data/com.termux/files/home/fpga-examples/./down_counter/down_counter.v:27$4
cell type $procdff$913
cell type $procdff$914
cell type $procdff$915
cell type $procmux$886
cell type $procmux$889
cell type $procmux$892
cell type $procmux$895
cell type $procmux$898
cell type $ternary$/data/data/com.termux/files/home/fpga-examples/./down_counter/down_counter.v:36$9
cell type u_qlal4s3b_cell_macro

4.27. Executing TECHMAP pass (map to technology primitives).

4.27.1. Executing Verilog-2005 frontend: /data/data/com.termux/files/home/symbiflow/bin/../share/yosys/quicklogic/pp3_brams_map.v
Parsing Verilog input from `/data/data/com.termux/files/home/symbiflow/bin/../share/yosys/quicklogic/pp3_brams_map.v' to AST representation.
Generating RTLIL representation for module `\$__QUICKLOGIC_RAMB16K'.
/data/data/com.termux/files/home/symbiflow/bin/../share/yosys/quicklogic/pp3_brams_map.v:21: Warning: Identifier `\VCC' is implicitly declared.
/data/data/com.termux/files/home/symbiflow/bin/../share/yosys/quicklogic/pp3_brams_map.v:22: Warning: Identifier `\GND' is implicitly declared.
Generating RTLIL representation for module `\$__QUICKLOGIC_RAMB8K'.
/data/data/com.termux/files/home/symbiflow/bin/../share/yosys/quicklogic/pp3_brams_map.v:235: Warning: Identifier `\GND' is implicitly declared.
/data/data/com.termux/files/home/symbiflow/bin/../share/yosys/quicklogic/pp3_brams_map.v:236: Warning: Identifier `\VCC' is implicitly declared.
Generating RTLIL representation for module `\RAM_8K_BLK'.
/data/data/com.termux/files/home/symbiflow/bin/../share/yosys/quicklogic/pp3_brams_map.v:538: Warning: Range [17:0] select out of bounds on signal `\out_reg0': Setting 2 MSB bits to undef.
Generating RTLIL representation for module `\RAM_16K_BLK'.
/data/data/com.termux/files/home/symbiflow/bin/../share/yosys/quicklogic/pp3_brams_map.v:824: Warning: Range [35:0] select out of bounds on signal `\out_reg0': Setting 4 MSB bits to undef.
Generating RTLIL representation for module `\FIFO_8K_BLK'.
/data/data/com.termux/files/home/symbiflow/bin/../share/yosys/quicklogic/pp3_brams_map.v:998: Warning: Range [35:0] select out of bounds on signal `\out_reg0': Setting 20 MSB bits to undef.
Generating RTLIL representation for module `\FIFO_16K_BLK'.
/data/data/com.termux/files/home/symbiflow/bin/../share/yosys/quicklogic/pp3_brams_map.v:1249: Warning: Range [35:0] select out of bounds on signal `\out_reg0': Setting 4 MSB bits to undef.
Successfully finished Verilog frontend.

4.27.2. Continuing TECHMAP pass.
No more expansions possible.

4.28. Executing OPT pass (performing simple optimizations).

4.28.1. Executing OPT_EXPR pass (perform const folding).
Optimizing module down_counter.

4.28.2. Executing OPT_MERGE pass (detect identical cells).
Finding identical cells in module `\down_counter'.
Removed a total of 0 cells.

4.28.3. Executing OPT_RMDFF pass (remove dff with constant values).

4.28.4. Executing OPT_CLEAN pass (remove unused cells and wires).
Finding unused cells or wires in module \down_counter..

4.28.5. Finished fast OPT passes.

4.29. Executing MEMORY_MAP pass (converting $mem cells to logic and flip-flops).

4.30. Executing OPT pass (performing simple optimizations).

4.30.1. Executing OPT_EXPR pass (perform const folding).
Optimizing module down_counter.

4.30.2. Executing OPT_MERGE pass (detect identical cells).
Finding identical cells in module `\down_counter'.
Removed a total of 0 cells.

4.30.3. Executing OPT_MUXTREE pass (detect dead branches in mux trees).
Running muxtree optimizer on module \down_counter..
  Creating internal representation of mux trees.
  Evaluating internal representation of mux trees.
  Analyzing evaluation results.
Removed 0 multiplexer ports.
<suppressed ~3 debug messages>

4.30.4. Executing OPT_REDUCE pass (consolidate $*mux and $reduce_* inputs).
  Optimizing cells in module \down_counter.
Performed a total of 0 changes.

4.30.5. Executing OPT_MERGE pass (detect identical cells).
Finding identical cells in module `\down_counter'.
Removed a total of 0 cells.

4.30.6. Executing OPT_RMDFF pass (remove dff with constant values).

4.30.7. Executing OPT_CLEAN pass (remove unused cells and wires).
Finding unused cells or wires in module \down_counter..

4.30.8. Executing OPT_EXPR pass (perform const folding).
Optimizing module down_counter.

4.30.9. Finished OPT passes. (There is nothing left to do.)

4.31. Executing TECHMAP pass (map to technology primitives).

4.31.1. Executing Verilog-2005 frontend: /data/data/com.termux/files/home/symbiflow/bin/../share/yosys/techmap.v
Parsing Verilog input from `/data/data/com.termux/files/home/symbiflow/bin/../share/yosys/techmap.v' to AST representation.
Generating RTLIL representation for module `\_90_simplemap_bool_ops'.
Generating RTLIL representation for module `\_90_simplemap_reduce_ops'.
Generating RTLIL representation for module `\_90_simplemap_logic_ops'.
Generating RTLIL representation for module `\_90_simplemap_compare_ops'.
Generating RTLIL representation for module `\_90_simplemap_various'.
Generating RTLIL representation for module `\_90_simplemap_registers'.
Generating RTLIL representation for module `\_90_shift_ops_shr_shl_sshl_sshr'.
Generating RTLIL representation for module `\_90_shift_shiftx'.
Generating RTLIL representation for module `\_90_fa'.
Generating RTLIL representation for module `\_90_lcu'.
Generating RTLIL representation for module `\_90_alu'.
Generating RTLIL representation for module `\_90_macc'.
Generating RTLIL representation for module `\_90_alumacc'.
Generating RTLIL representation for module `\$__div_mod_u'.
Generating RTLIL representation for module `\$__div_mod_trunc'.
Generating RTLIL representation for module `\_90_div'.
Generating RTLIL representation for module `\_90_mod'.
Generating RTLIL representation for module `\$__div_mod_floor'.
Generating RTLIL representation for module `\_90_divfloor'.
Generating RTLIL representation for module `\_90_modfloor'.
Generating RTLIL representation for module `\_90_pow'.
Generating RTLIL representation for module `\_90_pmux'.
Generating RTLIL representation for module `\_90_lut'.
Successfully finished Verilog frontend.

4.31.2. Continuing TECHMAP pass.
Using template $paramod\_90_alu\A_SIGNED=0\B_SIGNED=0\A_WIDTH=8\B_WIDTH=1\Y_WIDTH=8 for cells of type $alu.
Using template $paramod\_90_alu\A_SIGNED=0\B_SIGNED=0\A_WIDTH=1\B_WIDTH=27\Y_WIDTH=27 for cells of type $alu.
Using extmapper simplemap for cells of type $logic_not.
Using template $paramod\_90_alu\A_SIGNED=0\B_SIGNED=0\A_WIDTH=25\B_WIDTH=27\Y_WIDTH=27 for cells of type $alu.
Using extmapper simplemap for cells of type $mux.
Using extmapper simplemap for cells of type $dff.
Using extmapper simplemap for cells of type $xor.
Using extmapper simplemap for cells of type $and.
Using template $paramod\_90_lcu\WIDTH=8 for cells of type $lcu.
Using extmapper simplemap for cells of type $pos.
Using extmapper simplemap for cells of type $not.
Using template $paramod\_90_lcu\WIDTH=27 for cells of type $lcu.
Using extmapper simplemap for cells of type $or.
No more expansions possible.
<suppressed ~562 debug messages>

4.32. Executing OPT pass (performing simple optimizations).

4.32.1. Executing OPT_EXPR pass (perform const folding).
Optimizing module down_counter.
<suppressed ~321 debug messages>

4.32.2. Executing OPT_MERGE pass (detect identical cells).
Finding identical cells in module `\down_counter'.
<suppressed ~6 debug messages>
Removed a total of 2 cells.

4.32.3. Executing OPT_RMDFF pass (remove dff with constant values).

4.32.4. Executing OPT_CLEAN pass (remove unused cells and wires).
Finding unused cells or wires in module \down_counter..
Removed 91 unused cells and 214 unused wires.
<suppressed ~92 debug messages>

4.32.5. Finished fast OPT passes.

4.33. Executing MUXCOVER pass (mapping to wider MUXes).
Covering MUX trees in module down_counter..
  Treeifying 60 MUXes:
    Found tree with 1 MUXes at root $0\clk[0:0].
    Found tree with 1 MUXes at root $0\delay[26:0] [0].
    Found tree with 1 MUXes at root $0\delay[26:0] [1].
    Found tree with 1 MUXes at root $0\delay[26:0] [2].
    Found tree with 1 MUXes at root $0\delay[26:0] [3].
    Found tree with 1 MUXes at root $0\delay[26:0] [4].
    Found tree with 1 MUXes at root $0\delay[26:0] [5].
    Found tree with 1 MUXes at root $0\delay[26:0] [6].
    Found tree with 1 MUXes at root $0\delay[26:0] [7].
    Found tree with 1 MUXes at root $0\delay[26:0] [8].
    Found tree with 1 MUXes at root $0\delay[26:0] [9].
    Found tree with 1 MUXes at root $0\delay[26:0] [10].
    Found tree with 1 MUXes at root $0\delay[26:0] [11].
    Found tree with 1 MUXes at root $0\delay[26:0] [12].
    Found tree with 1 MUXes at root $0\delay[26:0] [13].
    Found tree with 1 MUXes at root $0\delay[26:0] [14].
    Found tree with 1 MUXes at root $0\delay[26:0] [15].
    Found tree with 1 MUXes at root $0\delay[26:0] [16].
    Found tree with 1 MUXes at root $0\delay[26:0] [17].
    Found tree with 1 MUXes at root $0\delay[26:0] [18].
    Found tree with 1 MUXes at root $0\delay[26:0] [19].
    Found tree with 1 MUXes at root $0\delay[26:0] [20].
    Found tree with 1 MUXes at root $0\delay[26:0] [21].
    Found tree with 1 MUXes at root $0\delay[26:0] [22].
    Found tree with 1 MUXes at root $0\delay[26:0] [23].
    Found tree with 1 MUXes at root $0\delay[26:0] [24].
    Found tree with 1 MUXes at root $0\delay[26:0] [25].
    Found tree with 1 MUXes at root $0\delay[26:0] [26].
    Found tree with 4 MUXes at root $0\count[7:0] [0].
    Found tree with 4 MUXes at root $0\count[7:0] [1].
    Found tree with 4 MUXes at root $0\count[7:0] [2].
    Found tree with 4 MUXes at root $0\count[7:0] [3].
    Found tree with 4 MUXes at root $0\count[7:0] [4].
    Found tree with 4 MUXes at root $0\count[7:0] [5].
    Found tree with 4 MUXes at root $0\count[7:0] [6].
    Found tree with 4 MUXes at root $0\count[7:0] [7].
    Finished treeification: Found 36 trees.
  Covering trees:
    Replaced tree at $0\clk[0:0]: 1 MUX2, 0 MUX4, 0 MUX8, 0 MUX16
    Replaced tree at $0\delay[26:0] [0]: 1 MUX2, 0 MUX4, 0 MUX8, 0 MUX16
    Replaced tree at $0\delay[26:0] [1]: 1 MUX2, 0 MUX4, 0 MUX8, 0 MUX16
    Replaced tree at $0\delay[26:0] [2]: 1 MUX2, 0 MUX4, 0 MUX8, 0 MUX16
    Replaced tree at $0\delay[26:0] [3]: 1 MUX2, 0 MUX4, 0 MUX8, 0 MUX16
    Replaced tree at $0\delay[26:0] [4]: 1 MUX2, 0 MUX4, 0 MUX8, 0 MUX16
    Replaced tree at $0\delay[26:0] [5]: 1 MUX2, 0 MUX4, 0 MUX8, 0 MUX16
    Replaced tree at $0\delay[26:0] [6]: 1 MUX2, 0 MUX4, 0 MUX8, 0 MUX16
    Replaced tree at $0\delay[26:0] [7]: 1 MUX2, 0 MUX4, 0 MUX8, 0 MUX16
    Replaced tree at $0\delay[26:0] [8]: 1 MUX2, 0 MUX4, 0 MUX8, 0 MUX16
    Replaced tree at $0\delay[26:0] [9]: 1 MUX2, 0 MUX4, 0 MUX8, 0 MUX16
    Replaced tree at $0\delay[26:0] [10]: 1 MUX2, 0 MUX4, 0 MUX8, 0 MUX16
    Replaced tree at $0\delay[26:0] [11]: 1 MUX2, 0 MUX4, 0 MUX8, 0 MUX16
    Replaced tree at $0\delay[26:0] [12]: 1 MUX2, 0 MUX4, 0 MUX8, 0 MUX16
    Replaced tree at $0\delay[26:0] [13]: 1 MUX2, 0 MUX4, 0 MUX8, 0 MUX16
    Replaced tree at $0\delay[26:0] [14]: 1 MUX2, 0 MUX4, 0 MUX8, 0 MUX16
    Replaced tree at $0\delay[26:0] [15]: 1 MUX2, 0 MUX4, 0 MUX8, 0 MUX16
    Replaced tree at $0\delay[26:0] [16]: 1 MUX2, 0 MUX4, 0 MUX8, 0 MUX16
    Replaced tree at $0\delay[26:0] [17]: 1 MUX2, 0 MUX4, 0 MUX8, 0 MUX16
    Replaced tree at $0\delay[26:0] [18]: 1 MUX2, 0 MUX4, 0 MUX8, 0 MUX16
    Replaced tree at $0\delay[26:0] [19]: 1 MUX2, 0 MUX4, 0 MUX8, 0 MUX16
    Replaced tree at $0\delay[26:0] [20]: 1 MUX2, 0 MUX4, 0 MUX8, 0 MUX16
    Replaced tree at $0\delay[26:0] [21]: 1 MUX2, 0 MUX4, 0 MUX8, 0 MUX16
    Replaced tree at $0\delay[26:0] [22]: 1 MUX2, 0 MUX4, 0 MUX8, 0 MUX16
    Replaced tree at $0\delay[26:0] [23]: 1 MUX2, 0 MUX4, 0 MUX8, 0 MUX16
    Replaced tree at $0\delay[26:0] [24]: 1 MUX2, 0 MUX4, 0 MUX8, 0 MUX16
    Replaced tree at $0\delay[26:0] [25]: 1 MUX2, 0 MUX4, 0 MUX8, 0 MUX16
    Replaced tree at $0\delay[26:0] [26]: 1 MUX2, 0 MUX4, 0 MUX8, 0 MUX16
    Replaced tree at $0\count[7:0] [0]: 1 MUX2, 1 MUX4, 0 MUX8, 0 MUX16
    Replaced tree at $0\count[7:0] [1]: 1 MUX2, 1 MUX4, 0 MUX8, 0 MUX16
    Replaced tree at $0\count[7:0] [2]: 1 MUX2, 1 MUX4, 0 MUX8, 0 MUX16
    Replaced tree at $0\count[7:0] [3]: 1 MUX2, 1 MUX4, 0 MUX8, 0 MUX16
    Replaced tree at $0\count[7:0] [4]: 1 MUX2, 1 MUX4, 0 MUX8, 0 MUX16
    Replaced tree at $0\count[7:0] [5]: 1 MUX2, 1 MUX4, 0 MUX8, 0 MUX16
    Replaced tree at $0\count[7:0] [6]: 1 MUX2, 1 MUX4, 0 MUX8, 0 MUX16
    Replaced tree at $0\count[7:0] [7]: 1 MUX2, 1 MUX4, 0 MUX8, 0 MUX16
  Added a total of 1 decoder MUXes.
<suppressed ~1599 debug messages>

4.34. Executing OPT_EXPR pass (perform const folding).
Optimizing module down_counter.

4.35. Executing OPT pass (performing simple optimizations).

4.35.1. Executing OPT_EXPR pass (perform const folding).
Optimizing module down_counter.

4.35.2. Executing OPT_MERGE pass (detect identical cells).
Finding identical cells in module `\down_counter'.
Removed a total of 0 cells.

4.35.3. Executing OPT_RMDFF pass (remove dff with constant values).

4.35.4. Executing OPT_CLEAN pass (remove unused cells and wires).
Finding unused cells or wires in module \down_counter..
Removed 0 unused cells and 4 unused wires.
<suppressed ~1 debug messages>

4.35.5. Finished fast OPT passes.

4.36. Executing OPT_EXPR pass (perform const folding).
Optimizing module down_counter.

4.37. Executing OPT_MERGE pass (detect identical cells).
Finding identical cells in module `\down_counter'.
Removed a total of 0 cells.

4.38. Executing OPT_RMDFF pass (remove dff with constant values).

4.39. Executing OPT_CLEAN pass (remove unused cells and wires).
Finding unused cells or wires in module \down_counter..

4.40. Executing OPT pass (performing simple optimizations).

4.40.1. Executing OPT_EXPR pass (perform const folding).
Optimizing module down_counter.

4.40.2. Executing OPT_MERGE pass (detect identical cells).
Finding identical cells in module `\down_counter'.
Removed a total of 0 cells.

4.40.3. Executing OPT_MUXTREE pass (detect dead branches in mux trees).
Running muxtree optimizer on module \down_counter..
  Creating internal representation of mux trees.
  No muxes found in this module.
Removed 0 multiplexer ports.

4.40.4. Executing OPT_REDUCE pass (consolidate $*mux and $reduce_* inputs).
  Optimizing cells in module \down_counter.
Performed a total of 0 changes.

4.40.5. Executing OPT_MERGE pass (detect identical cells).
Finding identical cells in module `\down_counter'.
Removed a total of 0 cells.

4.40.6. Executing OPT_RMDFF pass (remove dff with constant values).

4.40.7. Executing OPT_CLEAN pass (remove unused cells and wires).
Finding unused cells or wires in module \down_counter..

4.40.8. Executing OPT_EXPR pass (perform const folding).
Optimizing module down_counter.

4.40.9. Finished OPT passes. (There is nothing left to do.)

4.41. Executing OPT_EXPR pass (perform const folding).
Optimizing module down_counter.

4.42. Executing DFF2DFFE pass (transform $dff to $dffe where applicable).
Transforming FF to FF+Enable cells in module down_counter:
  created $_DFFE_PP_ cell $auto$dff2dffe.cc:219:handle_dff_cell$2033 for $0\clk[0:0] -> \clk.
  removing now obsolete cell $auto$simplemap.cc:420:simplemap_dff$1112.

4.43. Executing TECHMAP pass (map to technology primitives).

4.43.1. Executing Verilog-2005 frontend: /data/data/com.termux/files/home/symbiflow/bin/../share/yosys/quicklogic/pp3_ffs_map.v
Parsing Verilog input from `/data/data/com.termux/files/home/symbiflow/bin/../share/yosys/quicklogic/pp3_ffs_map.v' to AST representation.
Generating RTLIL representation for module `\$_DFF_N_'.
Generating RTLIL representation for module `\$_DFF_P_'.
Generating RTLIL representation for module `\$_DFF_NN0_'.
Generating RTLIL representation for module `\$_DFF_NN1_'.
Generating RTLIL representation for module `\$_DFF_NP0_'.
Generating RTLIL representation for module `\$_DFF_NP1_'.
Generating RTLIL representation for module `\$_DFF_PN0_'.
Generating RTLIL representation for module `\$_DFF_PN1_'.
Generating RTLIL representation for module `\$_DFF_PP0_'.
Generating RTLIL representation for module `\$_DFF_PP1_'.
Generating RTLIL representation for module `\$_DFFSR_NPP_'.
Generating RTLIL representation for module `\$_DFFSR_PPP_'.
Generating RTLIL representation for module `\$_DFFE_NN_'.
Generating RTLIL representation for module `\$_DFFE_NP_'.
Generating RTLIL representation for module `\$_DFFE_PN_'.
Generating RTLIL representation for module `\$_DFFE_PP_'.
Successfully finished Verilog frontend.

4.43.2. Continuing TECHMAP pass.
Using template \$_DFFE_PP_ for cells of type $_DFFE_PP_.
Using template \$_DFF_P_ for cells of type $_DFF_P_.
No more expansions possible.
<suppressed ~36 debug messages>

4.44. Executing OPT_EXPR pass (perform const folding).
Optimizing module down_counter.
<suppressed ~2 debug messages>

4.45. Executing SIMPLEMAP pass (map simple cells to gate primitives).

4.46. Executing OPT_EXPR pass (perform const folding).
Optimizing module down_counter.

4.47. Executing OPT_MERGE pass (detect identical cells).
Finding identical cells in module `\down_counter'.
Removed a total of 0 cells.

4.48. Executing OPT_RMDFF pass (remove dff with constant values).

4.49. Executing OPT_CLEAN pass (remove unused cells and wires).
Finding unused cells or wires in module \down_counter..
Removed 0 unused cells and 112 unused wires.
<suppressed ~1 debug messages>

4.50. Executing OPT pass (performing simple optimizations).

4.50.1. Executing OPT_EXPR pass (perform const folding).
Optimizing module down_counter.

4.50.2. Executing OPT_MERGE pass (detect identical cells).
Finding identical cells in module `\down_counter'.
Removed a total of 0 cells.

4.50.3. Executing OPT_MUXTREE pass (detect dead branches in mux trees).
Running muxtree optimizer on module \down_counter..
  Creating internal representation of mux trees.
  No muxes found in this module.
Removed 0 multiplexer ports.

4.50.4. Executing OPT_REDUCE pass (consolidate $*mux and $reduce_* inputs).
  Optimizing cells in module \down_counter.
Performed a total of 0 changes.

4.50.5. Executing OPT_MERGE pass (detect identical cells).
Finding identical cells in module `\down_counter'.
Removed a total of 0 cells.

4.50.6. Executing OPT_RMDFF pass (remove dff with constant values).

4.50.7. Executing OPT_CLEAN pass (remove unused cells and wires).
Finding unused cells or wires in module \down_counter..

4.50.8. Executing OPT_EXPR pass (perform const folding).
Optimizing module down_counter.

4.50.9. Finished OPT passes. (There is nothing left to do.)

4.51. Executing TECHMAP pass (map to technology primitives).

4.51.1. Executing Verilog-2005 frontend: /data/data/com.termux/files/home/symbiflow/bin/../share/yosys/quicklogic/pp3_latches_map.v
Parsing Verilog input from `/data/data/com.termux/files/home/symbiflow/bin/../share/yosys/quicklogic/pp3_latches_map.v' to AST representation.
Generating RTLIL representation for module `\$_DLATCH_P_'.
Generating RTLIL representation for module `\$_DLATCH_N_'.
Generating RTLIL representation for module `\$_DLATCHSR_NNN_'.
Generating RTLIL representation for module `\$_DLATCHSR_NNP_'.
Generating RTLIL representation for module `\$_DLATCHSR_NPN_'.
Generating RTLIL representation for module `\$_DLATCHSR_NPP_'.
Generating RTLIL representation for module `\$_DLATCHSR_PNN_'.
Generating RTLIL representation for module `\$_DLATCHSR_PNP_'.
Generating RTLIL representation for module `\$_DLATCHSR_PPN_'.
Generating RTLIL representation for module `\$_DLATCHSR_PPP_'.
Successfully finished Verilog frontend.

4.51.2. Continuing TECHMAP pass.
No more expansions possible.

4.52. Executing ABC pass (technology mapping using ABC).

4.52.1. Extracting gate netlist of module `\down_counter' to `<abc-temp-dir>/input.blif'..
Extracted 221 gates and 277 wires to a netlist network with 55 inputs and 47 outputs.

4.52.1.1. Executing ABC.
Running ABC command: <yosys-exe-dir>/yosys-abc -s -f <abc-temp-dir>/abc.script 2>&1
ABC: ABC command line: "source <abc-temp-dir>/abc.script".
ABC: 
ABC: + read_blif <abc-temp-dir>/input.blif 
ABC: + read_lut <abc-temp-dir>/lutdefs.txt 
ABC: + strash 
ABC: + ifraig 
ABC: + scorr 
ABC: Warning: The network is combinational (run "fraig" or "fraig_sweep").
ABC: + dc2 
ABC: + dretime 
ABC: + strash 
ABC: + dch -f 
ABC: + if 
ABC: + mfs2 
ABC: + write_blif <abc-temp-dir>/output.blif 

4.52.1.2. Re-integrating ABC results.
ABC RESULTS:              $lut cells:       96
ABC RESULTS:        internal signals:      175
ABC RESULTS:           input signals:       55
ABC RESULTS:          output signals:       47
Removing temp directory.

4.53. Executing TECHMAP pass (map to technology primitives).

4.53.1. Executing Verilog-2005 frontend: /data/data/com.termux/files/home/symbiflow/bin/../share/yosys/quicklogic/pp3_ffs_map.v
Parsing Verilog input from `/data/data/com.termux/files/home/symbiflow/bin/../share/yosys/quicklogic/pp3_ffs_map.v' to AST representation.
Generating RTLIL representation for module `\$_DFF_N_'.
Generating RTLIL representation for module `\$_DFF_P_'.
Generating RTLIL representation for module `\$_DFF_NN0_'.
Generating RTLIL representation for module `\$_DFF_NN1_'.
Generating RTLIL representation for module `\$_DFF_NP0_'.
Generating RTLIL representation for module `\$_DFF_NP1_'.
Generating RTLIL representation for module `\$_DFF_PN0_'.
Generating RTLIL representation for module `\$_DFF_PN1_'.
Generating RTLIL representation for module `\$_DFF_PP0_'.
Generating RTLIL representation for module `\$_DFF_PP1_'.
Generating RTLIL representation for module `\$_DFFSR_NPP_'.
Generating RTLIL representation for module `\$_DFFSR_PPP_'.
Generating RTLIL representation for module `\$_DFFE_NN_'.
Generating RTLIL representation for module `\$_DFFE_NP_'.
Generating RTLIL representation for module `\$_DFFE_PN_'.
Generating RTLIL representation for module `\$_DFFE_PP_'.
Successfully finished Verilog frontend.

4.53.2. Continuing TECHMAP pass.
No more expansions possible.
Removed 0 unused cells and 173 unused wires.

4.54. Executing TECHMAP pass (map to technology primitives).

4.54.1. Executing Verilog-2005 frontend: /data/data/com.termux/files/home/symbiflow/bin/../share/yosys/quicklogic/pp3_cells_map.v
Parsing Verilog input from `/data/data/com.termux/files/home/symbiflow/bin/../share/yosys/quicklogic/pp3_cells_map.v' to AST representation.
Generating RTLIL representation for module `\$_MUX8_'.
Generating RTLIL representation for module `\$_MUX4_'.
Generating RTLIL representation for module `\$_MUX_'.
Generating RTLIL representation for module `\$_NOT_'.
Generating RTLIL representation for module `\qlal4s3_mult_16x16_cell'.
/data/data/com.termux/files/home/symbiflow/bin/../share/yosys/quicklogic/pp3_cells_map.v:44: Warning: Identifier `\Valid_mult_w' is implicitly declared.
Successfully finished Verilog frontend.

4.54.2. Executing Verilog-2005 frontend: /data/data/com.termux/files/home/symbiflow/bin/../share/yosys/quicklogic/pp3_lut_map.v
Parsing Verilog input from `/data/data/com.termux/files/home/symbiflow/bin/../share/yosys/quicklogic/pp3_lut_map.v' to AST representation.
Generating RTLIL representation for module `\$lut'.
Successfully finished Verilog frontend.

4.54.3. Continuing TECHMAP pass.
Using template $paramod\$lut\WIDTH=3\LUT=8'00000001 for cells of type $lut.
Using template $paramod\$lut\WIDTH=3\LUT=8'10110100 for cells of type $lut.
Using template $paramod\$lut\WIDTH=3\LUT=8'00010000 for cells of type $lut.
Using template $paramod\$lut\WIDTH=2\LUT=4'0100 for cells of type $lut.
Using template $paramod\$lut\WIDTH=3\LUT=8'00111010 for cells of type $lut.
Using template \$_MUX4_ for cells of type $_MUX4_.
Using template $paramod\$lut\WIDTH=3\LUT=8'11001010 for cells of type $lut.
Using template $paramod\$lut\WIDTH=3\LUT=8'11100001 for cells of type $lut.
Using template $paramod\$lut\WIDTH=2\LUT=4'0110 for cells of type $lut.
Using template $paramod\$lut\WIDTH=4\LUT=16'1000000000000000 for cells of type $lut.
Using template $paramod\$lut\WIDTH=2\LUT=4'1000 for cells of type $lut.
Using template $paramod\$lut\WIDTH=3\LUT=8'01111000 for cells of type $lut.
Using template $paramod\$lut\WIDTH=3\LUT=8'10000000 for cells of type $lut.
Using template $paramod\$lut\WIDTH=3\LUT=8'10000001 for cells of type $lut.
Using template $paramod\$lut\WIDTH=3\LUT=8'01000000 for cells of type $lut.
Using template $paramod\$lut\WIDTH=1\LUT=2'01 for cells of type $lut.
Using template $paramod\$lut\WIDTH=3\LUT=8'10101100 for cells of type $lut.
Using template $paramod\$lut\WIDTH=2\LUT=4'1001 for cells of type $lut.
Using template $paramod\$lut\WIDTH=3\LUT=8'11000110 for cells of type $lut.
Using template $paramod\$lut\WIDTH=3\LUT=8'10000011 for cells of type $lut.
Using template $paramod\$lut\WIDTH=4\LUT=16'0000000000011111 for cells of type $lut.
Using template $paramod\$lut\WIDTH=3\LUT=8'11010000 for cells of type $lut.
Using template $paramod\$lut\WIDTH=4\LUT=16'0000000000001101 for cells of type $lut.
Using template $paramod\$lut\WIDTH=3\LUT=8'01001111 for cells of type $lut.
Using template $paramod\$lut\WIDTH=4\LUT=16'0000101100000000 for cells of type $lut.
Using template $paramod\$lut\WIDTH=4\LUT=16'1011000000000000 for cells of type $lut.
No more expansions possible.
<suppressed ~429 debug messages>
Removed 0 unused cells and 256 unused wires.

4.55. Executing Quicklogic_EQN pass (calculate equations for luts).

4.56. Updated 96 of LUT* elements with equation.

4.57. Executing AUTONAME pass.
Renamed 1268 objects in module down_counter (22 iterations).
<suppressed ~205 debug messages>

4.58. Executing HIERARCHY pass (managing design hierarchy).

4.58.1. Analyzing design hierarchy..
Top module:  \down_counter

4.58.2. Analyzing design hierarchy..
Top module:  \down_counter
Removed 0 unused modules.

4.59. Printing statistics.

=== down_counter ===

   Number of wires:                 74
   Number of wire bits:            154
   Number of public wires:          74
   Number of public wire bits:     154
   Number of memories:               0
   Number of memory bits:            0
   Number of processes:              0
   Number of cells:                141
     LUT1                            2
     LUT2                           25
     LUT3                           37
     LUT4                           32
     dff                            35
     dffe                            1
     mux4x0                          8
     qlal4s3b_cell_macro             1

4.60. Executing CHECK pass (checking for obvious problems).
checking module down_counter..
Warning: Wire down_counter.delay has an unprocessed 'init' attribute.
found and reported 1 problems.

4.61. Executing CLKBUFMAP pass (inserting global clock buffers).
Inserting $_BUF_ on down_counter.clk[0].
Inserting $_BUF_ on down_counter.sys_clk[0].

4.62. Executing IOPADMAP pass (mapping inputs/outputs to IO-PAD cells).
Mapping port down_counter.clk using outpad.
Mapping port down_counter.count using outpad.
Mapping port down_counter.dec using inpad.
Mapping port down_counter.div using inpad.
Mapping port down_counter.in_data using inpad.
Mapping port down_counter.latch using inpad.
Mapping port down_counter.zero using outpad.

4.63. Executing SPLITNETS pass (splitting up multi-bit signals).

4.64. Executing SETUNDEF pass (replace undef values with defined constants).

4.65. Executing HILOMAP pass (mapping to constant drivers).

4.66. Executing OPT_CLEAN pass (remove unused cells and wires).
Finding unused cells or wires in module \down_counter..
Removed 0 unused cells and 4 unused wires.
<suppressed ~4 debug messages>

4.67. Executing CHECK pass (checking for obvious problems).
checking module down_counter..
found and reported 0 problems.

5. Printing statistics.

=== down_counter ===

   Number of wires:                174
   Number of wire bits:            174
   Number of public wires:         153
   Number of public wire bits:     153
   Number of memories:               0
   Number of memory bits:            0
   Number of processes:              0
   Number of cells:                163
     LUT1                            2
     LUT2                           25
     LUT3                           37
     LUT4                           32
     dff                            35
     dffe                            1
     inpad                          11
     logic_0                         1
     mux4x0                          8
     outpad                         10
     qlal4s3b_cell_macro             1

Loading PCF from '/data/data/com.termux/files/home/fpga-examples/./down_counter/quickfeather.pcf'...
Loading pinmap CSV from '/data/data/com.termux/files/home/symbiflow/quicklogic-arch-defs/share/arch/ql-eos-s3_wlcsp/pinmap_PU64.csv'...
Processing cells...
  type       | net        | pad        | loc      | type     | instance
 ------------+------------+------------+----------+----------+-----------
  outpad     | clk        |            |          |          | $iopadmap$down_counter.clk
  outpad     | count(0)   |            |          |          | $iopadmap$down_counter.count
  outpad     | count(1)   |            |          |          | $iopadmap$down_counter.count_1
  outpad     | count(2)   |            |          |          | $iopadmap$down_counter.count_2
  outpad     | count(3)   |            |          |          | $iopadmap$down_counter.count_3
  outpad     | count(4)   |            |          |          | $iopadmap$down_counter.count_4
  outpad     | count(5)   |            |          |          | $iopadmap$down_counter.count_5
  outpad     | count(6)   |            |          |          | $iopadmap$down_counter.count_6
  outpad     | count(7)   |            |          |          | $iopadmap$down_counter.count_7
  inpad      | dec        |            |          |          | $iopadmap$down_counter.dec
  inpad      | div        |            |          |          | $iopadmap$down_counter.div
  inpad      | in_data(0) |            |          |          | $iopadmap$down_counter.in_data
  inpad      | in_data(1) |            |          |          | $iopadmap$down_counter.in_data_1
  inpad      | in_data(2) |            |          |          | $iopadmap$down_counter.in_data_2
  inpad      | in_data(3) |            |          |          | $iopadmap$down_counter.in_data_3
  inpad      | in_data(4) |            |          |          | $iopadmap$down_counter.in_data_4
  inpad      | in_data(5) |            |          |          | $iopadmap$down_counter.in_data_5
  inpad      | in_data(6) |            |          |          | $iopadmap$down_counter.in_data_6
  inpad      | in_data(7) |            |          |          | $iopadmap$down_counter.in_data_7
  inpad      | latch      |            |          |          | $iopadmap$down_counter.latch
  outpad     | zero       |            |          |          | $iopadmap$down_counter.zero

6. Executing Verilog backend.
Dumping module `\down_counter'.

7. Executing TECHMAP pass (map to technology primitives).

7.1. Executing Verilog-2005 frontend: /data/data/com.termux/files/home/symbiflow/quicklogic-arch-defs/share/techmaps/quicklogic/pp3/techmap/cells_map.v
Parsing Verilog input from `/data/data/com.termux/files/home/symbiflow/quicklogic-arch-defs/share/techmaps/quicklogic/pp3/techmap/cells_map.v' to AST representation.
Generating RTLIL representation for module `\logic_0'.
Generating RTLIL representation for module `\logic_1'.
Generating RTLIL representation for module `\inpad'.
Generating RTLIL representation for module `\outpad'.
Generating RTLIL representation for module `\bipad'.
Generating RTLIL representation for module `\ckpad'.
Generating RTLIL representation for module `\qhsckibuff'.
Generating RTLIL representation for module `\qhsckbuff'.
Generating RTLIL representation for module `\gclkbuff'.
Generating RTLIL representation for module `\logic_cell_macro'.
Generating RTLIL representation for module `\inv'.
Generating RTLIL representation for module `\mux2x0'.
Generating RTLIL representation for module `\mux4x0'.
Generating RTLIL representation for module `\mux8x0'.
Generating RTLIL representation for module `\LUT1'.
Generating RTLIL representation for module `\LUT2'.
Generating RTLIL representation for module `\LUT3'.
Generating RTLIL representation for module `\LUT4'.
Generating RTLIL representation for module `\dff'.
Generating RTLIL representation for module `\dffc'.
Generating RTLIL representation for module `\dffp'.
Generating RTLIL representation for module `\dffpc'.
Generating RTLIL representation for module `\dffe'.
Generating RTLIL representation for module `\dffec'.
Generating RTLIL representation for module `\dffepc'.
Generating RTLIL representation for module `\dffsc'.
Generating RTLIL representation for module `\qlal4s3b_cell_macro'.
Generating RTLIL representation for module `\qlal4s3_mult_32x32_cell'.
Generating RTLIL representation for module `\qlal4s3_mult_16x16_cell'.
Generating RTLIL representation for module `\qlal4s3_mult_cell_macro'.
Successfully finished Verilog frontend.

7.2. Continuing TECHMAP pass.
Using template logic_0 for cells of type logic_0.
No more expansions possible.
<suppressed ~1 debug messages>

8. Executing TECHMAP pass (map to technology primitives).

8.1. Executing Verilog-2005 frontend: /data/data/com.termux/files/home/symbiflow/quicklogic-arch-defs/share/techmaps/quicklogic/pp3/techmap/cells_map.v
Parsing Verilog input from `/data/data/com.termux/files/home/symbiflow/quicklogic-arch-defs/share/techmaps/quicklogic/pp3/techmap/cells_map.v' to AST representation.
Generating RTLIL representation for module `\logic_0'.
Generating RTLIL representation for module `\logic_1'.
Generating RTLIL representation for module `\inpad'.
Generating RTLIL representation for module `\outpad'.
Generating RTLIL representation for module `\bipad'.
Generating RTLIL representation for module `\ckpad'.
Generating RTLIL representation for module `\qhsckibuff'.
Generating RTLIL representation for module `\qhsckbuff'.
Generating RTLIL representation for module `\gclkbuff'.
Generating RTLIL representation for module `\logic_cell_macro'.
Generating RTLIL representation for module `\inv'.
Generating RTLIL representation for module `\mux2x0'.
Generating RTLIL representation for module `\mux4x0'.
Generating RTLIL representation for module `\mux8x0'.
Generating RTLIL representation for module `\LUT1'.
Generating RTLIL representation for module `\LUT2'.
Generating RTLIL representation for module `\LUT3'.
Generating RTLIL representation for module `\LUT4'.
Generating RTLIL representation for module `\dff'.
Generating RTLIL representation for module `\dffc'.
Generating RTLIL representation for module `\dffp'.
Generating RTLIL representation for module `\dffpc'.
Generating RTLIL representation for module `\dffe'.
Generating RTLIL representation for module `\dffec'.
Generating RTLIL representation for module `\dffepc'.
Generating RTLIL representation for module `\dffsc'.
Generating RTLIL representation for module `\qlal4s3b_cell_macro'.
Generating RTLIL representation for module `\qlal4s3_mult_32x32_cell'.
Generating RTLIL representation for module `\qlal4s3_mult_16x16_cell'.
Generating RTLIL representation for module `\qlal4s3_mult_cell_macro'.
Successfully finished Verilog frontend.

8.2. Continuing TECHMAP pass.
Using template qlal4s3b_cell_macro for cells of type qlal4s3b_cell_macro.
Using template dff for cells of type dff.
Using template $paramod$8ec3083c78151c28b65d6aa206d62ef0216666fd\LUT3 for cells of type LUT3.
Using template $paramod$0dee8c45763e54f30353b4988d9129c450b64183\LUT3 for cells of type LUT3.
Using template $paramod$08b61d33fc5053edb3ff48cc7932a6bed21127f8\LUT3 for cells of type LUT3.
Using template $paramod$e7e37961662412d7dd1961919c60cc96c5b16f01\LUT2 for cells of type LUT2.
Using template $paramod$2c16e524d34079620431678c7f0a8026eb93e228\LUT4 for cells of type LUT4.
Using template $paramod$5c78c2936b979d140e9c5335a1758330d6e05c7b\LUT4 for cells of type LUT4.
Using template $paramod$0bac8de66bcfb448c202f31a4c603d45054ce4da\LUT4 for cells of type LUT4.
Using template $paramod$bf21fee4b6975de7353dd955d4b3a8eef751c7c5\LUT2 for cells of type LUT2.
Using template $paramod$5198abf5ef98e6a0b63e0942c582d5fb5feaeb0d\LUT3 for cells of type LUT3.
Using template $paramod$885d448b152f0d0eb07370269f766062b2b71bdb\LUT4 for cells of type LUT4.
Using template $paramod$ff2e5cbde8581985efc7fcce5ccd6d147decc8f8\LUT3 for cells of type LUT3.
Using template $paramod$0d57a20297f7d814347a60e796eb37c1dbe1a686\LUT3 for cells of type LUT3.
Using template $paramod$b8e400b0c524196854471b6867fb4998e798de7d\LUT3 for cells of type LUT3.
Using template $paramod$86fc6f3441a6779c63af6935d48b3ebd1c0460a9\LUT3 for cells of type LUT3.
Using template $paramod$1f22ed6c7002e8d2949c35b69b42d33f3d67af46\LUT4 for cells of type LUT4.
Using template $paramod\inpad\IO_PAD=0'\IO_LOC=0'\IO_TYPE=0' for cells of type inpad.
Using template $paramod\LUT1\INIT=1'1\EQN=675885097 for cells of type LUT1.
Using template $paramod$7e4bd054dbbe83c893326033e721a854d7384b31\LUT3 for cells of type LUT3.
Using template dffe for cells of type dffe.
Using template $paramod$b7420168b4c7f5b0c647cfee87c3adf66c456bf4\LUT3 for cells of type LUT3.
Using template $paramod$8a2feb93738ef18b8c10b1072c54f2f90a829eaa\LUT3 for cells of type LUT3.
Using template mux4x0 for cells of type mux4x0.
Using template $paramod$73295daa79cd8f21300ad173a8fb0822f56672dc\LUT3 for cells of type LUT3.
Using template $paramod\LUT3\INIT=9'000000001\EQN=8'00110000 for cells of type LUT3.
Using template $paramod$a3585111a807d9eb68f35b3cdf72c072f00fd2ee\LUT2 for cells of type LUT2.
Using template $paramod$9e35db09801d44e7d3829ca6d3166367119eac5f\LUT3 for cells of type LUT3.
Using template $paramod$a05482f0aefd17419d352e885b744935e93eea82\LUT3 for cells of type LUT3.
Using template $paramod$e26d5f83608228413558872bf585b830a9f56b6a\LUT2 for cells of type LUT2.
Using template $paramod\outpad\IO_PAD=0'\IO_LOC=0'\IO_TYPE=0' for cells of type outpad.
No more expansions possible.
<suppressed ~517 debug messages>

9. Executing TECHMAP pass (map to technology primitives).

9.1. Executing Verilog-2005 frontend: /data/data/com.termux/files/home/symbiflow/quicklogic-arch-defs/bin/../share/arch/ql-eos-s3_wlcsp/cells/ram_map.v
Parsing Verilog input from `/data/data/com.termux/files/home/symbiflow/quicklogic-arch-defs/bin/../share/arch/ql-eos-s3_wlcsp/cells/ram_map.v' to AST representation.
Generating RTLIL representation for module `\ram8k_2x1_cell_macro'.
Successfully finished Verilog frontend.

9.2. Continuing TECHMAP pass.
No more expansions possible.

10. Executing OPT_EXPR pass (perform const folding).
Optimizing module down_counter.
<suppressed ~505 debug messages>

11. Executing OPT_CLEAN pass (remove unused cells and wires).
Finding unused cells or wires in module \down_counter..
Removed 0 unused cells and 215 unused wires.
<suppressed ~1 debug messages>

12. Executing SETUNDEF pass (replace undef values with defined constants).

13. Printing statistics.

=== down_counter ===

   Number of wires:               1408
   Number of wire bits:           1525
   Number of public wires:        1384
   Number of public wire bits:    1384
   Number of memories:               0
   Number of memory bits:            0
   Number of processes:              0
   Number of cells:                162
     ASSP                            1
     BIDIR_CELL                     21
     C_FRAG                         32
     F_FRAG                          2
     Q_FRAG                         36
     T_FRAG                         70

14. Executing JSON backend.

15. Executing Verilog backend.
Dumping module `\down_counter'.

Warnings: 9 unique messages, 12 total
End of script. Logfile hash: 7db88c92df, CPU: user 4.37s system 0.21s, MEM: 261.30 MB peak
Yosys 0.9+2406 (git sha1 ca763e6d5, gcc 10.2.1-6 -fPIC -Os)
Time spent: 56% 18x read_verilog (2 sec), 8% 25x opt_clean (0 sec), ...
