VPR FPGA Placement and Routing.
Version: 8.1.0-dev+dadca7ecf
Revision: v8.0.0-rc2-2909-gdadca7ecf
Compiled: 2022-10-10T11:55:04
Compiler: GNU 10.2.1 on Linux-5.4.0-faked aarch64
Build Info: release IPO VTR_ASSERT_LEVEL=2

University of Toronto
verilogtorouting.org
vtr-users@googlegroups.com
This is free open source code under MIT license.

VPR was run with the following command-line:
genfasm /data/data/com.termux/files/home/symbiflow/quicklogic-arch-defs/share/arch/ql-eos-s3_wlcsp/arch.timing.xml down_counter.eblif --device ql-eos-s3 --max_router_iterations 500 --routing_failure_predictor off --router_high_fanout_threshold -1 --constant_net_method route --route_chan_width 100 --clock_modeling route --place_delay_model delta_override --router_lookahead map --check_route quick --strict_checks off --allow_dangling_combinational_nodes on --disable_errors check_unbuffered_edges:check_route --congested_routing_iteration_threshold 0.8 --incremental_reroute_delay_ripup off --base_cost_type delay_normalized_length_bounded --bb_factor 10 --initial_pres_fac 4.0 --check_rr_graph off --suppress_warnings ,sum_pin_class:check_unbuffered_edges:load_rr_indexed_data_T_values:check_rr_node:trans_per_R:check_route:set_rr_graph_tool_comment:warn_model_missing_timing --read_rr_graph /data/data/com.termux/files/home/symbiflow/quicklogic-arch-defs/share/arch/ql-eos-s3_wlcsp/rr_graph_ql-eos-s3_wlcsp.rr_graph.real.bin


Architecture file: /data/data/com.termux/files/home/symbiflow/quicklogic-arch-defs/share/arch/ql-eos-s3_wlcsp/arch.timing.xml
Circuit name: down_counter

Loading Architecture Description
Loading Architecture Description took 0.60 seconds (max_rss 27.8 MiB, delta_rss +23.2 MiB)
Building complex block graph
Building complex block graph took 0.16 seconds (max_rss 34.5 MiB, delta_rss +6.7 MiB)
Load circuit
Load circuit took 0.02 seconds (max_rss 36.7 MiB, delta_rss +2.2 MiB)
Clean circuit
Absorbed 1212 LUT buffers
Inferred  106 additional primitive pins as constant generators since they have no combinationally connected inputs
Inferred   37 additional primitive pins as constant generators due to constant inputs
Inferred    0 additional primitive pins as constant generators since they have no combinationally connected inputs
Inferred    0 additional primitive pins as constant generators due to constant inputs
Inferred    0 additional primitive pins as constant generators since they have no combinationally connected inputs
Inferred    0 additional primitive pins as constant generators due to constant inputs
Swept input(s)      : 0
Swept output(s)     : 0 (0 dangling, 0 constant)
Swept net(s)        : 141
Swept block(s)      : 1
Constant Pins Marked: 143
Clean circuit took 0.02 seconds (max_rss 38.0 MiB, delta_rss +1.3 MiB)
Compress circuit
Compress circuit took 0.00 seconds (max_rss 38.0 MiB, delta_rss +0.0 MiB)
Verify circuit
Verify circuit took 0.00 seconds (max_rss 38.0 MiB, delta_rss +0.0 MiB)
Circuit Statistics:
  Blocks: 185
    .input    :      11
    .output   :      10
    ASSP      :       1
    BIDIR_CELL:      21
    C_FRAG    :      32
    F_FRAG    :       2
    GND       :       1
    Q_FRAG    :      36
    T_FRAG    :      70
    VCC       :       1
  Nets  : 175
    Avg Fanout:     8.0
    Max Fanout:   593.0
    Min Fanout:     1.0
  Netlist Clocks: 2
Build Timing Graph
Warning 1: Inferred implicit clock source clk_dffe_Q.QZ[0] for netlist clock $auto$clkbufmap.cc:247:execute$2305 (possibly data used as clock)
  Timing Graph Nodes: 1573
  Timing Graph Edges: 2531
  Timing Graph Levels: 24
Build Timing Graph took 0.00 seconds (max_rss 38.0 MiB, delta_rss +0.0 MiB)
Netlist contains 2 clocks
  Netlist Clock '$auto$clkbufmap.cc:247:execute$2305' Fanout: 10 pins (0.6%), 10 blocks (5.4%)
  Netlist Clock 'sys_clk' Fanout: 28 pins (1.8%), 28 blocks (15.1%)
Load Timing Constraints

SDC file 'down_counter.sdc' not found
Setting default timing constraints:
   * constrain all primay inputs and primary outputs on a virtual external clock 'virtual_io_clock'
   * optimize all netlist and virtual clocks to run as fast as possible
   * ignore cross netlist clock domain timing paths
Timing constraints created 3 clocks
  Constrained Clock 'virtual_io_clock' (Virtual Clock)
  Constrained Clock '$auto$clkbufmap.cc:247:execute$2305' Source: 'clk_dffe_Q.QZ[0]'
  Constrained Clock 'sys_clk' Source: 'u_qlal4s3b_cell_macro.Sys_Clk0[0]'

Load Timing Constraints took 0.00 seconds (max_rss 38.0 MiB, delta_rss +0.0 MiB)
Timing analysis: ON
Circuit netlist file: down_counter.net
Circuit placement file: down_counter.place
Circuit routing file: down_counter.route
Circuit SDC file: down_counter.sdc

Packer: ENABLED
Placer: ENABLED
Router: ENABLED
Analysis: ENABLED

NetlistOpts.abosrb_buffer_luts            : true
NetlistOpts.sweep_dangling_primary_ios    : true
NetlistOpts.sweep_dangling_nets           : true
NetlistOpts.sweep_dangling_blocks         : true
NetlistOpts.sweep_constant_primary_outputs: false
NetlistOpts.netlist_verbosity             : 1
NetlistOpts.const_gen_inference           : COMB_SEQ

PackerOpts.allow_unrelated_clustering: auto
PackerOpts.alpha_clustering: 0.750000
PackerOpts.beta_clustering: 0.900000
PackerOpts.cluster_seed_type: BLEND2
PackerOpts.connection_driven: true
PackerOpts.global_clocks: true
PackerOpts.hill_climbing_flag: false
PackerOpts.inter_cluster_net_delay: 1.000000
PackerOpts.timing_driven: true
PackerOpts.target_external_pin_util: auto

PlacerOpts.place_freq: PLACE_ONCE
PlacerOpts.place_algorithm: CRITICALITY_TIMING_PLACE
PlacerOpts.pad_loc_type: FREE
PlacerOpts.constraints_file: No constraints file given
PlacerOpts.place_cost_exp: 1.000000
PlacerOpts.place_chan_width: 100
PlacerOpts.inner_loop_recompute_divider: 0
PlacerOpts.recompute_crit_iter: 1
PlacerOpts.timing_tradeoff: 0.500000
PlacerOpts.td_place_exp_first: 1.000000
PlacerOpts.td_place_exp_last: 8.000000
PlacerOpts.delay_offset: 0.000000
PlacerOpts.delay_ramp_delta_threshold: -1
PlacerOpts.delay_ramp_slope: 0.000000
PlacerOpts.tsu_rel_margin: 1.000000
PlacerOpts.tsu_abs_margin: 0.000000
PlacerOpts.post_place_timing_report_file: 
PlacerOpts.allowed_tiles_for_delay_model: 
PlacerOpts.delay_model_reducer: MIN
PlacerOpts.delay_model_type: DELTA_OVERRIDE
PlacerOpts.rlim_escape_fraction: 0.000000
PlacerOpts.move_stats_file: 
PlacerOpts.placement_saves_per_temperature: 0
PlacerOpts.effort_scaling: CIRCUIT
PlacerOpts.place_delta_delay_matrix_calculation_method: ASTAR_ROUTE
PlaceOpts.seed: 1
AnnealSched.type: AUTO_SCHED
AnnealSched.inner_num: 1.000000

RouterOpts.route_type: DETAILED
RouterOpts.router_algorithm: TIMING_DRIVEN
RouterOpts.base_cost_type: DELAY_NORMALIZED_LENGTH_BOUNDED
RouterOpts.fixed_channel_width: 100
RouterOpts.check_route: QUICK
RouterOpts.trim_empty_chan: false
RouterOpts.trim_obs_chan: false
RouterOpts.acc_fac: 1.000000
RouterOpts.bb_factor: 10
RouterOpts.bend_cost: 0.000000
RouterOpts.first_iter_pres_fac: 0.000000
RouterOpts.initial_pres_fac: 4.000000
RouterOpts.pres_fac_mult: 1.300000
RouterOpts.max_router_iterations: 500
RouterOpts.min_incremental_reroute_fanout: 16
RouterOpts.do_check_rr_graph: false
RouterOpts.verify_binary_search: false
RouterOpts.min_channel_width_hint: 0
RouterOpts.read_rr_edge_metadata: false
RouterOpts.exit_after_first_routing_iteration: false
RouterOpts.astar_fac: 1.200000
RouterOpts.criticality_exp: 1.000000
RouterOpts.max_criticality: 0.990000
RouterOpts.init_wirelength_abort_threshold: 0.850000
RouterOpts.save_routing_per_iteration: false
RouterOpts.congested_routing_iteration_threshold_frac: 0.800000
RouterOpts.high_fanout_threshold: -1
RouterOpts.router_debug_net: -2
RouterOpts.router_debug_sink_rr: -2
RouterOpts.router_debug_iteration: -2
RouterOpts.max_convergence_count: 1
RouterOpts.reconvergence_cpd_threshold: 0.990000
RouterOpts.update_lower_bound_delays: true
RouterOpts.first_iteration_timing_report_file: 
RouterOpts.incr_reroute_delay_ripup: OFF
RouterOpts.route_bb_update: DYNAMIC
RouterOpts.lookahead_type: MAP
RouterOpts.initial_timing: LOOKAHEAD
RouterOpts.router_heap: BINARY_HEAP
RouterOpts.routing_failure_predictor = OFF
RouterOpts.routing_budgets_algorithm = DISABLE

AnalysisOpts.gen_post_synthesis_netlist: false
AnalysisOpts.timing_report_npaths: 100
AnalysisOpts.timing_report_skew: false
AnalysisOpts.echo_dot_timing_graph_node: -1
AnalysisOpts.timing_report_detail: NETLIST

RoutingArch.directionality: BI_DIRECTIONAL
RoutingArch.switch_block_type: WILTON
RoutingArch.Fs: 3

Load Packing
Begin loading packed FPGA netlist file.
Netlist generated from file 'down_counter.net'.
Detected 2 constant generators (to see names run with higher pack verbosity)
Finished loading packed FPGA netlist file (took 0.052228 seconds).
Load Packing took 0.06 seconds (max_rss 39.3 MiB, delta_rss +1.3 MiB)
Warning 2: Netlist contains 0 global net to non-global architecture pin connections
Warning 3: Logic block #89 ($false) has only 1 output pin '$false.GND0_GND[0]'. It may be a constant generator.
Warning 4: Logic block #90 ($true) has only 1 output pin '$true.VCC0_VCC[0]'. It may be a constant generator.

Netlist num_nets: 121
Netlist num_blocks: 91
Netlist EMPTY blocks: 0.
Netlist PB-GMUX blocks: 0.
Netlist PB-LOGIC blocks: 67.
Netlist PB-CLOCK blocks: 0.
Netlist PB-MULT blocks: 0.
Netlist PB-SDIOMUX blocks: 0.
Netlist PB-RAM blocks: 0.
Netlist PB-SYN_VCC blocks: 1.
Netlist PB-BIDIR blocks: 21.
Netlist PB-SYN_GND blocks: 1.
Netlist PB-ASSP blocks: 1.
Netlist inputs pins: 11
Netlist output pins: 52


Pb types usage...
  PB-LOGIC          : 67
   LOGIC            : 67
    FRAGS           : 67
     c_frag_modes   : 67
      SINGLE        : 32
       c_frag       : 32
      SPLIT         : 35
       b_frag       : 35
       t_frag       : 35
     f_frag         : 2
     q_frag_modes   : 36
      INT           : 33
       q_frag       : 33
      EXT           : 3
       q_frag       : 3
  PB-SYN_VCC        : 1
   VCC              : 1
  PB-BIDIR          : 21
   BIDIR            : 21
    INPUT           : 11
     bidir          : 11
     inpad          : 11
    OUTPUT          : 10
     bidir          : 10
     outpad         : 10
  PB-SYN_GND        : 1
   GND              : 1
  PB-ASSP           : 1
   ASSP             : 1

Create Device
# Build Device Grid
FPGA sized to 39 x 35: 1365 grid tiles (ql-eos-s3)

Resource usage...
	Netlist
		0	blocks of type: PB-GMUX
	Architecture
		5	blocks of type: TL-GMUX
	Netlist
		67	blocks of type: PB-LOGIC
	Architecture
		891	blocks of type: TL-LOGIC
	Netlist
		0	blocks of type: PB-CLOCK
	Architecture
		5	blocks of type: TL-CLOCK
	Netlist
		0	blocks of type: PB-MULT
	Architecture
		2	blocks of type: TL-MULT
	Netlist
		0	blocks of type: PB-SDIOMUX
	Architecture
		14	blocks of type: TL-SDIOMUX
	Netlist
		0	blocks of type: PB-RAM
	Architecture
		4	blocks of type: TL-RAM
	Netlist
		1	blocks of type: PB-SYN_VCC
	Architecture
		1	blocks of type: TL-SYN_VCC
	Netlist
		21	blocks of type: PB-BIDIR
	Architecture
		32	blocks of type: TL-BIDIR
	Netlist
		1	blocks of type: PB-SYN_GND
	Architecture
		1	blocks of type: TL-SYN_GND
	Netlist
		1	blocks of type: PB-ASSP
	Architecture
		1	blocks of type: TL-ASSP

Device Utilization: 0.07 (target 1.00)
	Physical Tile TL-LOGIC:
	Block Utilization: 0.08 Logical Block: PB-LOGIC
	Physical Tile TL-RAM:
	Block Utilization: 0.00 Logical Block: PB-RAM
	Physical Tile TL-MULT:
	Block Utilization: 0.00 Logical Block: PB-MULT
	Physical Tile TL-BIDIR:
	Block Utilization: 0.66 Logical Block: PB-BIDIR
	Physical Tile TL-CLOCK:
	Block Utilization: 0.00 Logical Block: PB-CLOCK
	Physical Tile TL-SDIOMUX:
	Block Utilization: 0.00 Logical Block: PB-SDIOMUX
	Physical Tile TL-GMUX:
	Block Utilization: 0.00 Logical Block: PB-GMUX
	Physical Tile TL-ASSP:
	Block Utilization: 1.00 Logical Block: PB-ASSP
	Physical Tile TL-SYN_VCC:
	Block Utilization: 1.00 Logical Block: PB-SYN_VCC
	Physical Tile TL-SYN_GND:
	Block Utilization: 1.00 Logical Block: PB-SYN_GND

# Build Device Grid took 0.01 seconds (max_rss 39.5 MiB, delta_rss +0.0 MiB)
# Loading routing resource graph


# Loading routing resource graph took 1.62 seconds (max_rss 468.3 MiB, delta_rss +428.8 MiB)
  RR Graph Nodes: 1396446
  RR Graph Edges: 2337988
Create Device took 3.50 seconds (max_rss 515.9 MiB, delta_rss +476.4 MiB)

Load Placement
Reading down_counter.place.

Successfully read down_counter.place.

Load Placement took 0.00 seconds (max_rss 515.9 MiB, delta_rss +0.0 MiB)

Load Routing
Begin loading FPGA routing file.
Finished loading route file
Load Routing took 0.19 seconds (max_rss 515.9 MiB, delta_rss +0.0 MiB)

Checking to ensure routing is legal...
Completed routing consistency check successfully.

Serial number (magic cookie) for the routing is: -1020819280
Circuit successfully routed with a channel width factor of 100.

Incr Slack updates 1 in 3.2693e-05 sec
Full Max Req/Worst Slack updates 1 in 1.4846e-05 sec
Incr Max Req/Worst Slack updates 0 in 0 sec
Incr Criticality updates 0 in 0 sec
Full Criticality updates 1 in 5.2231e-05 sec
Writing Implementation FASM: down_counter.fasm
The entire flow of VPR took 4.79347 seconds.
