#Timing report of worst 2 path(s)
# Unit scale: 1e-09 seconds
# Output precision: 3

#Path 1
Startpoint: A.inpad[0] (.input clocked by virtual_io_clock)
Endpoint  : out:g.outpad[0] (.output clocked by virtual_io_clock)
Path Type : setup

Point                                                               Incr      Path
----------------------------------------------------------------------------------
clock virtual_io_clock (rise edge)                                 0.000     0.000
clock source latency                                               0.000     0.000
input external delay                                               0.000     0.000
A.inpad[0] (.input)                                                0.000     0.000
$iopadmap$flash.A.I_PAD_$inp[0] (BIDIR_CELL)                       0.000     0.000
$iopadmap$flash.A.I_DAT[0] (BIDIR_CELL)                           10.958    10.958
g_LUT2_O.t_frag.XAB[0] (T_FRAG)                                    5.678    16.636
g_LUT2_O.t_frag.XZ[0] (T_FRAG)                                     1.305    17.941
$iopadmap$flash.g.O_DAT[0] (BIDIR_CELL)                            9.495    27.436
$iopadmap$flash.g.O_PAD_$out[0] (BIDIR_CELL)                       9.809    37.245
out:g.outpad[0] (.output)                                          0.000    37.245
data arrival time                                                           37.245

clock virtual_io_clock (rise edge)                                 0.000     0.000
clock source latency                                               0.000     0.000
clock uncertainty                                                  0.000     0.000
output external delay                                              0.000     0.000
data required time                                                           0.000
----------------------------------------------------------------------------------
data required time                                                           0.000
data arrival time                                                          -37.245
----------------------------------------------------------------------------------
slack (VIOLATED)                                                           -37.245


#Path 2
Startpoint: A.inpad[0] (.input clocked by virtual_io_clock)
Endpoint  : out:r.outpad[0] (.output clocked by virtual_io_clock)
Path Type : setup

Point                                                               Incr      Path
----------------------------------------------------------------------------------
clock virtual_io_clock (rise edge)                                 0.000     0.000
clock source latency                                               0.000     0.000
input external delay                                               0.000     0.000
A.inpad[0] (.input)                                                0.000     0.000
$iopadmap$flash.A.I_PAD_$inp[0] (BIDIR_CELL)                       0.000     0.000
$iopadmap$flash.A.I_DAT[0] (BIDIR_CELL)                           10.958    10.958
r_LUT2_O.t_frag.XAB[0] (T_FRAG)                                    5.587    16.545
r_LUT2_O.t_frag.XZ[0] (T_FRAG)                                     1.251    17.797
$iopadmap$flash.r.O_DAT[0] (BIDIR_CELL)                            8.199    25.996
$iopadmap$flash.r.O_PAD_$out[0] (BIDIR_CELL)                       9.809    35.805
out:r.outpad[0] (.output)                                          0.000    35.805
data arrival time                                                           35.805

clock virtual_io_clock (rise edge)                                 0.000     0.000
clock source latency                                               0.000     0.000
clock uncertainty                                                  0.000     0.000
output external delay                                              0.000     0.000
data required time                                                           0.000
----------------------------------------------------------------------------------
data required time                                                           0.000
data arrival time                                                          -35.805
----------------------------------------------------------------------------------
slack (VIOLATED)                                                           -35.805


#End of timing report
